<html>
<head>
<title>TestNG:  Test</title>
<link href="../testng.css" rel="stylesheet" type="text/css" />
<link href="../my-testng.css" rel="stylesheet" type="text/css" />

<style type="text/css">
.log { display: none;} 
.stack-trace { display: none;} 
</style>
<script type="text/javascript">
<!--
function flip(e) {
  current = e.style.display;
  if (current == 'block') {
    e.style.display = 'none';
    return 0;
  }
  else {
    e.style.display = 'block';
    return 1;
  }
}

function toggleBox(szDivId, elem, msg1, msg2)
{
  var res = -1;  if (document.getElementById) {
    res = flip(document.getElementById(szDivId));
  }
  else if (document.all) {
    // this is the way old msie versions work
    res = flip(document.all[szDivId]);
  }
  if(elem) {
    if(res == 0) elem.innerHTML = msg1; else elem.innerHTML = msg2;
  }

}

function toggleAllBoxes() {
  if (document.getElementsByTagName) {
    d = document.getElementsByTagName('div');
    for (i = 0; i < d.length; i++) {
      if (d[i].className == 'log') {
        flip(d[i]);
      }
    }
  }
}

// -->
</script>

</head>
<body>
<h2 align='center'>Test</h2><table border='1' align="center">
<tr>
<td>Tests passed/Failed/Skipped:</td><td>57/6/0</td>
</tr><tr>
<td>Started on:</td><td>Mon May 05 01:13:19 IST 2025</td>
</tr>
<tr><td>Total time:</td><td>200 seconds (200299 ms)</td>
</tr><tr>
<td>Included groups:</td><td></td>
</tr><tr>
<td>Excluded groups:</td><td></td>
</tr>
</table><p/>
<small><i>(Hover the method name to see the test class name)</i></small><p/>
<table width='100%' border='1' class='invocation-failed'>
<tr><td colspan='4' align='center'><b>FAILED TESTS</b></td></tr>
<tr><td><b>Test method</b></td>
<td><b>Attribute(s)</b></td>
<td width="30%"><b>Exception</b></td>
<td width="10%"><b>Time (seconds)</b></td>
<td><b>Instance</b></td>
</tr>
<tr>
<td title='com.runner.RunnerTestNg.runScenario()'><b>runScenario</b><br>Test class: com.runner.RunnerTestNg<br>Test method: Runs Cucumber Scenarios<br>Parameters: "Estimate the shipping and taxes", "Soundar_28APR2025_LambdaTesters_EstimateShippingStatus"</td>
<td><div><pre>org.openqa.selenium.NoSuchElementException: no such element: Unable to locate element: {&quot;method&quot;:&quot;xpath&quot;,&quot;selector&quot;:&quot;//div[contains(@class, &apos;form-check&apos;)]/label/input&quot;}
  (Session info: chrome=136.0.7103.48)
For documentation on this error, please visit: https://www.selenium.dev/documentation/webdriver/troubleshooting/errors#no-such-element-exception
Build info: version: &apos;4.31.0&apos;, revision: &apos;1ef9f18787*&apos;
System info: os.name: &apos;Windows 11&apos;, os.arch: &apos;amd64&apos;, os.version: &apos;10.0&apos;, java.version: &apos;21.0.6&apos;
Driver info: org.openqa.selenium.chrome.ChromeDriver
Command: [af63158557212393d210d78088d10514, findElement {value=//div[contains(@class, &apos;form-check&apos;)]/label/input, using=xpath}]
Capabilities {acceptInsecureCerts: false, browserName: chrome, browserVersion: 136.0.7103.48, chrome: {chromedriverVersion: 136.0.7103.49 (031848bc6ad0..., userDataDir: C:\Users\saran\AppData\Loca...}, fedcm:accounts: true, goog:chromeOptions: {debuggerAddress: localhost:58073}, networkConnectionEnabled: false, pageLoadStrategy: normal, platformName: windows, proxy: Proxy(), se:cdp: ws://localhost:58073/devtoo..., se:cdpVersion: 136.0.7103.48, setWindowRect: true, strictFileInteractability: false, timeouts: {implicit: 0, pageLoad: 300000, script: 30000}, unhandledPromptBehavior: dismiss and notify, webauthn:extension:credBlob: true, webauthn:extension:largeBlob: true, webauthn:extension:minPinLength: true, webauthn:extension:prf: true, webauthn:virtualAuthenticators: true}
Session ID: af63158557212393d210d78088d10514
	at org.openqa.selenium.remote.ErrorCodec.decode(ErrorCodec.java:167)
	at org.openqa.selenium.remote.codec.w3c.W3CHttpResponseCodec.decode(W3CHttpResponseCodec.java:138)
	at org.openqa.selenium.remote.codec.w3c.W3CHttpResponseCodec.decode(W3CHttpResponseCodec.java:50)
	at org.openqa.selenium.remote.HttpCommandExecutor.execute(HttpCommandExecutor.java:215)
	at org.openqa.selenium.remote.service.DriverCommandExecutor.invokeExecute(DriverCommandExecutor.java:216)
	at org.openqa.selenium.remote.service.DriverCommandExecutor.execute(DriverCommandExecutor.java:174)
	at org.openqa.selenium.remote.RemoteWebDriver.execute(RemoteWebDriver.java:545)
	at org.openqa.selenium.remote.ElementLocation$ElementFinder$2.findElement(ElementLocation.java:165)
	at org.openqa.selenium.remote.ElementLocation.findElement(ElementLocation.java:59)
	at org.openqa.selenium.remote.RemoteWebDriver.findElement(RemoteWebDriver.java:368)
	at org.openqa.selenium.remote.RemoteWebDriver.findElement(RemoteWebDriver.java:362)
	at org.openqa.selenium.support.pagefactory.DefaultElementLocator.findElement(DefaultElementLocator.java:68)
	at org.openqa.selenium.support.pagefactory.internal.LocatingElementHandler.invoke(LocatingElementHandler.java:38)
	at jdk.proxy2/jdk.proxy2.$Proxy60.click(Unknown Source)
	at com.actions.EstimateShippingACtion.selectsFlatShippingRate(EstimateShippingACtion.java:81)
	at com.definitions.EstimateShippingDefinition.the_user_selects_flat_shipping_rate_and_clicks_apply_shipping_button(EstimateShippingDefinition.java:43)
	at ✽.the user selects Flat Shipping Rate and clicks Apply Shipping button(file:///C:/Users/saran/git/SeleniumFinalCucumber/ecommerce-lambdatest-bd/src/test/resources/com/features/EstimateShippingStatus.feature:17)
... Removed 3 stack frames</pre></div><a href='#' onClick='toggleBox("stack-trace593655120", this, "Click to show all stack frames", "Click to hide stack frames")'>Click to show all stack frames</a>
<div class='stack-trace' id='stack-trace593655120'><pre>org.openqa.selenium.NoSuchElementException: no such element: Unable to locate element: {&quot;method&quot;:&quot;xpath&quot;,&quot;selector&quot;:&quot;//div[contains(@class, &apos;form-check&apos;)]/label/input&quot;}
  (Session info: chrome=136.0.7103.48)
For documentation on this error, please visit: https://www.selenium.dev/documentation/webdriver/troubleshooting/errors#no-such-element-exception
Build info: version: &apos;4.31.0&apos;, revision: &apos;1ef9f18787*&apos;
System info: os.name: &apos;Windows 11&apos;, os.arch: &apos;amd64&apos;, os.version: &apos;10.0&apos;, java.version: &apos;21.0.6&apos;
Driver info: org.openqa.selenium.chrome.ChromeDriver
Command: [af63158557212393d210d78088d10514, findElement {value=//div[contains(@class, &apos;form-check&apos;)]/label/input, using=xpath}]
Capabilities {acceptInsecureCerts: false, browserName: chrome, browserVersion: 136.0.7103.48, chrome: {chromedriverVersion: 136.0.7103.49 (031848bc6ad0..., userDataDir: C:\Users\saran\AppData\Loca...}, fedcm:accounts: true, goog:chromeOptions: {debuggerAddress: localhost:58073}, networkConnectionEnabled: false, pageLoadStrategy: normal, platformName: windows, proxy: Proxy(), se:cdp: ws://localhost:58073/devtoo..., se:cdpVersion: 136.0.7103.48, setWindowRect: true, strictFileInteractability: false, timeouts: {implicit: 0, pageLoad: 300000, script: 30000}, unhandledPromptBehavior: dismiss and notify, webauthn:extension:credBlob: true, webauthn:extension:largeBlob: true, webauthn:extension:minPinLength: true, webauthn:extension:prf: true, webauthn:virtualAuthenticators: true}
Session ID: af63158557212393d210d78088d10514
	at java.base/jdk.internal.reflect.DirectConstructorHandleAccessor.newInstance(DirectConstructorHandleAccessor.java:62)
	at java.base/java.lang.reflect.Constructor.newInstanceWithCaller(Constructor.java:502)
	at java.base/java.lang.reflect.Constructor.newInstance(Constructor.java:486)
	at org.openqa.selenium.remote.ErrorCodec.decode(ErrorCodec.java:167)
	at org.openqa.selenium.remote.codec.w3c.W3CHttpResponseCodec.decode(W3CHttpResponseCodec.java:138)
	at org.openqa.selenium.remote.codec.w3c.W3CHttpResponseCodec.decode(W3CHttpResponseCodec.java:50)
	at org.openqa.selenium.remote.HttpCommandExecutor.execute(HttpCommandExecutor.java:215)
	at org.openqa.selenium.remote.service.DriverCommandExecutor.invokeExecute(DriverCommandExecutor.java:216)
	at org.openqa.selenium.remote.service.DriverCommandExecutor.execute(DriverCommandExecutor.java:174)
	at org.openqa.selenium.remote.RemoteWebDriver.execute(RemoteWebDriver.java:545)
	at org.openqa.selenium.remote.ElementLocation$ElementFinder$2.findElement(ElementLocation.java:165)
	at org.openqa.selenium.remote.ElementLocation.findElement(ElementLocation.java:59)
	at org.openqa.selenium.remote.RemoteWebDriver.findElement(RemoteWebDriver.java:368)
	at org.openqa.selenium.remote.RemoteWebDriver.findElement(RemoteWebDriver.java:362)
	at org.openqa.selenium.support.pagefactory.DefaultElementLocator.findElement(DefaultElementLocator.java:68)
	at org.openqa.selenium.support.pagefactory.internal.LocatingElementHandler.invoke(LocatingElementHandler.java:38)
	at jdk.proxy2/jdk.proxy2.$Proxy60.click(Unknown Source)
	at com.actions.EstimateShippingACtion.selectsFlatShippingRate(EstimateShippingACtion.java:81)
	at com.definitions.EstimateShippingDefinition.the_user_selects_flat_shipping_rate_and_clicks_apply_shipping_button(EstimateShippingDefinition.java:43)
	at ✽.the user selects Flat Shipping Rate and clicks Apply Shipping button(file:///C:/Users/saran/git/SeleniumFinalCucumber/ecommerce-lambdatest-bd/src/test/resources/com/features/EstimateShippingStatus.feature:17)
</pre></div></td>
<td>46</td>
<td>com.runner.RunnerTestNg@58a9760d</td></tr>
<tr>
<td title='com.runner.RunnerTestNg.runScenario()'><b>runScenario</b><br>Test class: com.runner.RunnerTestNg<br>Test method: Runs Cucumber Scenarios<br>Parameters: "Navigate banner images using the left control arrow", "Saranya_20APR2025_LamdaTesters_Feature file for HomePage Assertion"</td>
<td><div><pre>org.openqa.selenium.TimeoutException: Expected condition failed: waiting for element to be clickable: [[ChromeDriver: chrome on windows (39cb43e5f1d3dc5cf1d6402478a0f3b1)] -&gt; css selector: a.carousel-control-next[href=&apos;#mz-carousel-217960&apos;]] (tried for 5 second(s) with 500 milliseconds interval)
Build info: version: &apos;4.31.0&apos;, revision: &apos;1ef9f18787*&apos;
System info: os.name: &apos;Windows 11&apos;, os.arch: &apos;amd64&apos;, os.version: &apos;10.0&apos;, java.version: &apos;21.0.6&apos;
Driver info: org.openqa.selenium.chrome.ChromeDriver
Capabilities {acceptInsecureCerts: false, browserName: chrome, browserVersion: 136.0.7103.48, chrome: {chromedriverVersion: 136.0.7103.49 (031848bc6ad0..., userDataDir: C:\Users\saran\AppData\Loca...}, fedcm:accounts: true, goog:chromeOptions: {debuggerAddress: localhost:58439}, networkConnectionEnabled: false, pageLoadStrategy: normal, platformName: windows, proxy: Proxy(), se:cdp: ws://localhost:58439/devtoo..., se:cdpVersion: 136.0.7103.48, setWindowRect: true, strictFileInteractability: false, timeouts: {implicit: 0, pageLoad: 300000, script: 30000}, unhandledPromptBehavior: dismiss and notify, webauthn:extension:credBlob: true, webauthn:extension:largeBlob: true, webauthn:extension:minPinLength: true, webauthn:extension:prf: true, webauthn:virtualAuthenticators: true}
Session ID: 39cb43e5f1d3dc5cf1d6402478a0f3b1
	at org.openqa.selenium.support.ui.WebDriverWait.timeoutException(WebDriverWait.java:84)
	at org.openqa.selenium.support.ui.FluentWait.until(FluentWait.java:228)
	at com.actions.HomePageAction.clickNextButton(HomePageAction.java:63)
	at com.definitions.HomePageDefinition.the_user_clicks_the_left_control_arrow_on_the_banner(HomePageDefinition.java:79)
	at ✽.the user clicks the left control arrow on the banner(file:///C:/Users/saran/git/SeleniumFinalCucumber/ecommerce-lambdatest-bd/src/test/resources/com/features/Home.feature:25)
</pre></div><a href='#' onClick='toggleBox("stack-trace837173796", this, "Click to show all stack frames", "Click to hide stack frames")'>Click to show all stack frames</a>
<div class='stack-trace' id='stack-trace837173796'><pre>org.openqa.selenium.TimeoutException: Expected condition failed: waiting for element to be clickable: [[ChromeDriver: chrome on windows (39cb43e5f1d3dc5cf1d6402478a0f3b1)] -&gt; css selector: a.carousel-control-next[href=&apos;#mz-carousel-217960&apos;]] (tried for 5 second(s) with 500 milliseconds interval)
Build info: version: &apos;4.31.0&apos;, revision: &apos;1ef9f18787*&apos;
System info: os.name: &apos;Windows 11&apos;, os.arch: &apos;amd64&apos;, os.version: &apos;10.0&apos;, java.version: &apos;21.0.6&apos;
Driver info: org.openqa.selenium.chrome.ChromeDriver
Capabilities {acceptInsecureCerts: false, browserName: chrome, browserVersion: 136.0.7103.48, chrome: {chromedriverVersion: 136.0.7103.49 (031848bc6ad0..., userDataDir: C:\Users\saran\AppData\Loca...}, fedcm:accounts: true, goog:chromeOptions: {debuggerAddress: localhost:58439}, networkConnectionEnabled: false, pageLoadStrategy: normal, platformName: windows, proxy: Proxy(), se:cdp: ws://localhost:58439/devtoo..., se:cdpVersion: 136.0.7103.48, setWindowRect: true, strictFileInteractability: false, timeouts: {implicit: 0, pageLoad: 300000, script: 30000}, unhandledPromptBehavior: dismiss and notify, webauthn:extension:credBlob: true, webauthn:extension:largeBlob: true, webauthn:extension:minPinLength: true, webauthn:extension:prf: true, webauthn:virtualAuthenticators: true}
Session ID: 39cb43e5f1d3dc5cf1d6402478a0f3b1
	at org.openqa.selenium.support.ui.WebDriverWait.timeoutException(WebDriverWait.java:84)
	at org.openqa.selenium.support.ui.FluentWait.until(FluentWait.java:228)
	at com.actions.HomePageAction.clickNextButton(HomePageAction.java:63)
	at com.definitions.HomePageDefinition.the_user_clicks_the_left_control_arrow_on_the_banner(HomePageDefinition.java:79)
	at ✽.the user clicks the left control arrow on the banner(file:///C:/Users/saran/git/SeleniumFinalCucumber/ecommerce-lambdatest-bd/src/test/resources/com/features/Home.feature:25)
</pre></div></td>
<td>13</td>
<td>com.runner.RunnerTestNg@58a9760d</td></tr>
<tr>
<td title='com.runner.RunnerTestNg.runScenario()'><b>runScenario</b><br>Test class: com.runner.RunnerTestNg<br>Test method: Runs Cucumber Scenarios<br>Parameters: "To assert the Functioning of Webelements in home page", "Saranya_20APR2025_LamdaTesters_Feature file for HomePage Assertion"</td>
<td><div><pre>org.openqa.selenium.TimeoutException: Expected condition failed: waiting for element to be clickable: Proxy element for: DefaultElementLocator &apos;By.cssSelector: #entry_217964 a:first-of-type&apos; (tried for 10 second(s) with 500 milliseconds interval)
	at org.openqa.selenium.support.ui.WebDriverWait.timeoutException(WebDriverWait.java:84)
	at org.openqa.selenium.support.ui.FluentWait.until(FluentWait.java:228)
	at com.actions.HomePageAction.block1click(HomePageAction.java:29)
	at com.definitions.HomePageDefinition.the_user_clicks_the_shop_now_in_first_block(HomePageDefinition.java:19)
	at ✽.the user clicks the shop now in first block(file:///C:/Users/saran/git/SeleniumFinalCucumber/ecommerce-lambdatest-bd/src/test/resources/com/features/Home.feature:10)
Caused by: org.openqa.selenium.NoSuchElementException: no such element: Unable to locate element: {&quot;method&quot;:&quot;css selector&quot;,&quot;selector&quot;:&quot;#entry_217964 a:first-of-type&quot;}
  (Session info: chrome=136.0.7103.48)
For documentation on this error, please visit: https://www.selenium.dev/documentation/webdriver/troubleshooting/errors#no-such-element-exception
Build info: version: &apos;4.31.0&apos;, revision: &apos;1ef9f18787*&apos;
System info: os.name: &apos;Windows 11&apos;, os.arch: &apos;amd64&apos;, os.version: &apos;10.0&apos;, java.version: &apos;21.0.6&apos;
Driver info: org.openqa.selenium.chrome.ChromeDriver
Command: [0b326730bd3ba7793ce9834745605c43, findElement {value=#entry_217964 a:first-of-type, using=css selector}]
Capabilities {acceptInsecureCerts: false, browserName: chrome, browserVersion: 136.0.7103.48, chrome: {chromedriverVersion: 136.0.7103.49 (031848bc6ad0..., userDataDir: C:\Users\saran\AppData\Loca...}, fedcm:accounts: true, goog:chromeOptions: {debuggerAddress: localhost:58266}, networkConnectionEnabled: false, pageLoadStrategy: normal, platformName: windows, proxy: Proxy(), se:cdp: ws://localhost:58266/devtoo..., se:cdpVersion: 136.0.7103.48, setWindowRect: true, strictFileInteractability: false, timeouts: {implicit: 0, pageLoad: 300000, script: 30000}, unhandledPromptBehavior: dismiss and notify, webauthn:extension:credBlob: true, webauthn:extension:largeBlob: true, webauthn:extension:minPinLength: true, webauthn:extension:prf: true, webauthn:virtualAuthenticators: true}
Session ID: 0b326730bd3ba7793ce9834745605c43
	at org.openqa.selenium.remote.ErrorCodec.decode(ErrorCodec.java:167)
	at org.openqa.selenium.remote.codec.w3c.W3CHttpResponseCodec.decode(W3CHttpResponseCodec.java:138)
	at org.openqa.selenium.remote.codec.w3c.W3CHttpResponseCodec.decode(W3CHttpResponseCodec.java:50)
	at org.openqa.selenium.remote.HttpCommandExecutor.execute(HttpCommandExecutor.java:215)
	at org.openqa.selenium.remote.service.DriverCommandExecutor.invokeExecute(DriverCommandExecutor.java:216)
	at org.openqa.selenium.remote.service.DriverCommandExecutor.execute(DriverCommandExecutor.java:174)
	at org.openqa.selenium.remote.RemoteWebDriver.execute(RemoteWebDriver.java:545)
	at org.openqa.selenium.remote.ElementLocation$ElementFinder$2.findElement(ElementLocation.java:165)
	at org.openqa.selenium.remote.ElementLocation.findElement(ElementLocation.java:59)
	at org.openqa.selenium.remote.RemoteWebDriver.findElement(RemoteWebDriver.java:368)
	at org.openqa.selenium.remote.RemoteWebDriver.findElement(RemoteWebDriver.java:362)
	at org.openqa.selenium.support.pagefactory.DefaultElementLocator.findElement(DefaultElementLocator.java:68)
	at org.openqa.selenium.support.pagefactory.internal.LocatingElementHandler.invoke(LocatingElementHandler.java:38)
	at jdk.proxy2/jdk.proxy2.$Proxy60.isDisplayed(Unknown Source)
	at org.openqa.selenium.support.ui.ExpectedConditions.elementIfVisible(ExpectedConditions.java:304)
	at org.openqa.selenium.support.ui.ExpectedConditions$10.apply(ExpectedConditions.java:290)
	at org.openqa.selenium.support.ui.ExpectedConditions$10.apply(ExpectedConditions.java:287)
	at org.openqa.selenium.support.ui.ExpectedConditions$23.apply(ExpectedConditions.java:656)
	at org.openqa.selenium.support.ui.ExpectedConditions$23.apply(ExpectedConditions.java:652)
	at org.openqa.selenium.support.ui.FluentWait.until(FluentWait.java:203)
	... 3 more
... Removed 3 stack frames</pre></div><a href='#' onClick='toggleBox("stack-trace2011968568", this, "Click to show all stack frames", "Click to hide stack frames")'>Click to show all stack frames</a>
<div class='stack-trace' id='stack-trace2011968568'><pre>org.openqa.selenium.TimeoutException: Expected condition failed: waiting for element to be clickable: Proxy element for: DefaultElementLocator &apos;By.cssSelector: #entry_217964 a:first-of-type&apos; (tried for 10 second(s) with 500 milliseconds interval)
	at org.openqa.selenium.support.ui.WebDriverWait.timeoutException(WebDriverWait.java:84)
	at org.openqa.selenium.support.ui.FluentWait.until(FluentWait.java:228)
	at com.actions.HomePageAction.block1click(HomePageAction.java:29)
	at com.definitions.HomePageDefinition.the_user_clicks_the_shop_now_in_first_block(HomePageDefinition.java:19)
	at ✽.the user clicks the shop now in first block(file:///C:/Users/saran/git/SeleniumFinalCucumber/ecommerce-lambdatest-bd/src/test/resources/com/features/Home.feature:10)
Caused by: org.openqa.selenium.NoSuchElementException: no such element: Unable to locate element: {&quot;method&quot;:&quot;css selector&quot;,&quot;selector&quot;:&quot;#entry_217964 a:first-of-type&quot;}
  (Session info: chrome=136.0.7103.48)
For documentation on this error, please visit: https://www.selenium.dev/documentation/webdriver/troubleshooting/errors#no-such-element-exception
Build info: version: &apos;4.31.0&apos;, revision: &apos;1ef9f18787*&apos;
System info: os.name: &apos;Windows 11&apos;, os.arch: &apos;amd64&apos;, os.version: &apos;10.0&apos;, java.version: &apos;21.0.6&apos;
Driver info: org.openqa.selenium.chrome.ChromeDriver
Command: [0b326730bd3ba7793ce9834745605c43, findElement {value=#entry_217964 a:first-of-type, using=css selector}]
Capabilities {acceptInsecureCerts: false, browserName: chrome, browserVersion: 136.0.7103.48, chrome: {chromedriverVersion: 136.0.7103.49 (031848bc6ad0..., userDataDir: C:\Users\saran\AppData\Loca...}, fedcm:accounts: true, goog:chromeOptions: {debuggerAddress: localhost:58266}, networkConnectionEnabled: false, pageLoadStrategy: normal, platformName: windows, proxy: Proxy(), se:cdp: ws://localhost:58266/devtoo..., se:cdpVersion: 136.0.7103.48, setWindowRect: true, strictFileInteractability: false, timeouts: {implicit: 0, pageLoad: 300000, script: 30000}, unhandledPromptBehavior: dismiss and notify, webauthn:extension:credBlob: true, webauthn:extension:largeBlob: true, webauthn:extension:minPinLength: true, webauthn:extension:prf: true, webauthn:virtualAuthenticators: true}
Session ID: 0b326730bd3ba7793ce9834745605c43
	at java.base/jdk.internal.reflect.DirectConstructorHandleAccessor.newInstance(DirectConstructorHandleAccessor.java:62)
	at java.base/java.lang.reflect.Constructor.newInstanceWithCaller(Constructor.java:502)
	at java.base/java.lang.reflect.Constructor.newInstance(Constructor.java:486)
	at org.openqa.selenium.remote.ErrorCodec.decode(ErrorCodec.java:167)
	at org.openqa.selenium.remote.codec.w3c.W3CHttpResponseCodec.decode(W3CHttpResponseCodec.java:138)
	at org.openqa.selenium.remote.codec.w3c.W3CHttpResponseCodec.decode(W3CHttpResponseCodec.java:50)
	at org.openqa.selenium.remote.HttpCommandExecutor.execute(HttpCommandExecutor.java:215)
	at org.openqa.selenium.remote.service.DriverCommandExecutor.invokeExecute(DriverCommandExecutor.java:216)
	at org.openqa.selenium.remote.service.DriverCommandExecutor.execute(DriverCommandExecutor.java:174)
	at org.openqa.selenium.remote.RemoteWebDriver.execute(RemoteWebDriver.java:545)
	at org.openqa.selenium.remote.ElementLocation$ElementFinder$2.findElement(ElementLocation.java:165)
	at org.openqa.selenium.remote.ElementLocation.findElement(ElementLocation.java:59)
	at org.openqa.selenium.remote.RemoteWebDriver.findElement(RemoteWebDriver.java:368)
	at org.openqa.selenium.remote.RemoteWebDriver.findElement(RemoteWebDriver.java:362)
	at org.openqa.selenium.support.pagefactory.DefaultElementLocator.findElement(DefaultElementLocator.java:68)
	at org.openqa.selenium.support.pagefactory.internal.LocatingElementHandler.invoke(LocatingElementHandler.java:38)
	at jdk.proxy2/jdk.proxy2.$Proxy60.isDisplayed(Unknown Source)
	at org.openqa.selenium.support.ui.ExpectedConditions.elementIfVisible(ExpectedConditions.java:304)
	at org.openqa.selenium.support.ui.ExpectedConditions$10.apply(ExpectedConditions.java:290)
	at org.openqa.selenium.support.ui.ExpectedConditions$10.apply(ExpectedConditions.java:287)
	at org.openqa.selenium.support.ui.ExpectedConditions$23.apply(ExpectedConditions.java:656)
	at org.openqa.selenium.support.ui.ExpectedConditions$23.apply(ExpectedConditions.java:652)
	at org.openqa.selenium.support.ui.FluentWait.until(FluentWait.java:203)
	... 3 more
</pre></div></td>
<td>26</td>
<td>com.runner.RunnerTestNg@58a9760d</td></tr>
<tr>
<td title='com.runner.RunnerTestNg.runScenario()'><b>runScenario</b><br>Test class: com.runner.RunnerTestNg<br>Test method: Runs Cucumber Scenarios<br>Parameters: "To redirect to the trending product page when clicking the product", "Saranya_20APR2025_LamdaTesters_Feature file for HomePage Assertion"</td>
<td><div><pre>org.openqa.selenium.TimeoutException: Expected condition failed: waiting for element to be clickable: Proxy element for: DefaultElementLocator &apos;By.xpath: //a[.//img[@alt=&apos;Laptops&apos;]]&apos; (tried for 10 second(s) with 500 milliseconds interval)
	at org.openqa.selenium.support.ui.WebDriverWait.timeoutException(WebDriverWait.java:84)
	at org.openqa.selenium.support.ui.FluentWait.until(FluentWait.java:228)
	at com.actions.HomePageAction.clickTrendingProduct(HomePageAction.java:76)
	at com.definitions.HomePageDefinition.the_user_clicks_the_product_in_the_trending_product_category(HomePageDefinition.java:99)
	at ✽.the user clicks the product in the trending product category(file:///C:/Users/saran/git/SeleniumFinalCucumber/ecommerce-lambdatest-bd/src/test/resources/com/features/Home.feature:30)
Caused by: org.openqa.selenium.NoSuchElementException: no such element: Unable to locate element: {&quot;method&quot;:&quot;xpath&quot;,&quot;selector&quot;:&quot;//a[.//img[@alt=&apos;Laptops&apos;]]&quot;}
  (Session info: chrome=136.0.7103.48)
For documentation on this error, please visit: https://www.selenium.dev/documentation/webdriver/troubleshooting/errors#no-such-element-exception
Build info: version: &apos;4.31.0&apos;, revision: &apos;1ef9f18787*&apos;
System info: os.name: &apos;Windows 11&apos;, os.arch: &apos;amd64&apos;, os.version: &apos;10.0&apos;, java.version: &apos;21.0.6&apos;
Driver info: org.openqa.selenium.chrome.ChromeDriver
Command: [0325b0af153022f5974a5e9781f958f3, findElement {value=//a[.//img[@alt=&apos;Laptops&apos;]], using=xpath}]
Capabilities {acceptInsecureCerts: false, browserName: chrome, browserVersion: 136.0.7103.48, chrome: {chromedriverVersion: 136.0.7103.49 (031848bc6ad0..., userDataDir: C:\Users\saran\AppData\Loca...}, fedcm:accounts: true, goog:chromeOptions: {debuggerAddress: localhost:58462}, networkConnectionEnabled: false, pageLoadStrategy: normal, platformName: windows, proxy: Proxy(), se:cdp: ws://localhost:58462/devtoo..., se:cdpVersion: 136.0.7103.48, setWindowRect: true, strictFileInteractability: false, timeouts: {implicit: 0, pageLoad: 300000, script: 30000}, unhandledPromptBehavior: dismiss and notify, webauthn:extension:credBlob: true, webauthn:extension:largeBlob: true, webauthn:extension:minPinLength: true, webauthn:extension:prf: true, webauthn:virtualAuthenticators: true}
Session ID: 0325b0af153022f5974a5e9781f958f3
	at org.openqa.selenium.remote.ErrorCodec.decode(ErrorCodec.java:167)
	at org.openqa.selenium.remote.codec.w3c.W3CHttpResponseCodec.decode(W3CHttpResponseCodec.java:138)
	at org.openqa.selenium.remote.codec.w3c.W3CHttpResponseCodec.decode(W3CHttpResponseCodec.java:50)
	at org.openqa.selenium.remote.HttpCommandExecutor.execute(HttpCommandExecutor.java:215)
	at org.openqa.selenium.remote.service.DriverCommandExecutor.invokeExecute(DriverCommandExecutor.java:216)
	at org.openqa.selenium.remote.service.DriverCommandExecutor.execute(DriverCommandExecutor.java:174)
	at org.openqa.selenium.remote.RemoteWebDriver.execute(RemoteWebDriver.java:545)
	at org.openqa.selenium.remote.ElementLocation$ElementFinder$2.findElement(ElementLocation.java:165)
	at org.openqa.selenium.remote.ElementLocation.findElement(ElementLocation.java:59)
	at org.openqa.selenium.remote.RemoteWebDriver.findElement(RemoteWebDriver.java:368)
	at org.openqa.selenium.remote.RemoteWebDriver.findElement(RemoteWebDriver.java:362)
	at org.openqa.selenium.support.pagefactory.DefaultElementLocator.findElement(DefaultElementLocator.java:68)
	at org.openqa.selenium.support.pagefactory.internal.LocatingElementHandler.invoke(LocatingElementHandler.java:38)
	at jdk.proxy2/jdk.proxy2.$Proxy60.isDisplayed(Unknown Source)
	at org.openqa.selenium.support.ui.ExpectedConditions.elementIfVisible(ExpectedConditions.java:304)
	at org.openqa.selenium.support.ui.ExpectedConditions$10.apply(ExpectedConditions.java:290)
	at org.openqa.selenium.support.ui.ExpectedConditions$10.apply(ExpectedConditions.java:287)
	at org.openqa.selenium.support.ui.ExpectedConditions$23.apply(ExpectedConditions.java:656)
	at org.openqa.selenium.support.ui.ExpectedConditions$23.apply(ExpectedConditions.java:652)
	at org.openqa.selenium.support.ui.FluentWait.until(FluentWait.java:203)
	... 3 more
... Removed 3 stack frames</pre></div><a href='#' onClick='toggleBox("stack-trace298727947", this, "Click to show all stack frames", "Click to hide stack frames")'>Click to show all stack frames</a>
<div class='stack-trace' id='stack-trace298727947'><pre>org.openqa.selenium.TimeoutException: Expected condition failed: waiting for element to be clickable: Proxy element for: DefaultElementLocator &apos;By.xpath: //a[.//img[@alt=&apos;Laptops&apos;]]&apos; (tried for 10 second(s) with 500 milliseconds interval)
	at org.openqa.selenium.support.ui.WebDriverWait.timeoutException(WebDriverWait.java:84)
	at org.openqa.selenium.support.ui.FluentWait.until(FluentWait.java:228)
	at com.actions.HomePageAction.clickTrendingProduct(HomePageAction.java:76)
	at com.definitions.HomePageDefinition.the_user_clicks_the_product_in_the_trending_product_category(HomePageDefinition.java:99)
	at ✽.the user clicks the product in the trending product category(file:///C:/Users/saran/git/SeleniumFinalCucumber/ecommerce-lambdatest-bd/src/test/resources/com/features/Home.feature:30)
Caused by: org.openqa.selenium.NoSuchElementException: no such element: Unable to locate element: {&quot;method&quot;:&quot;xpath&quot;,&quot;selector&quot;:&quot;//a[.//img[@alt=&apos;Laptops&apos;]]&quot;}
  (Session info: chrome=136.0.7103.48)
For documentation on this error, please visit: https://www.selenium.dev/documentation/webdriver/troubleshooting/errors#no-such-element-exception
Build info: version: &apos;4.31.0&apos;, revision: &apos;1ef9f18787*&apos;
System info: os.name: &apos;Windows 11&apos;, os.arch: &apos;amd64&apos;, os.version: &apos;10.0&apos;, java.version: &apos;21.0.6&apos;
Driver info: org.openqa.selenium.chrome.ChromeDriver
Command: [0325b0af153022f5974a5e9781f958f3, findElement {value=//a[.//img[@alt=&apos;Laptops&apos;]], using=xpath}]
Capabilities {acceptInsecureCerts: false, browserName: chrome, browserVersion: 136.0.7103.48, chrome: {chromedriverVersion: 136.0.7103.49 (031848bc6ad0..., userDataDir: C:\Users\saran\AppData\Loca...}, fedcm:accounts: true, goog:chromeOptions: {debuggerAddress: localhost:58462}, networkConnectionEnabled: false, pageLoadStrategy: normal, platformName: windows, proxy: Proxy(), se:cdp: ws://localhost:58462/devtoo..., se:cdpVersion: 136.0.7103.48, setWindowRect: true, strictFileInteractability: false, timeouts: {implicit: 0, pageLoad: 300000, script: 30000}, unhandledPromptBehavior: dismiss and notify, webauthn:extension:credBlob: true, webauthn:extension:largeBlob: true, webauthn:extension:minPinLength: true, webauthn:extension:prf: true, webauthn:virtualAuthenticators: true}
Session ID: 0325b0af153022f5974a5e9781f958f3
	at java.base/jdk.internal.reflect.DirectConstructorHandleAccessor.newInstance(DirectConstructorHandleAccessor.java:62)
	at java.base/java.lang.reflect.Constructor.newInstanceWithCaller(Constructor.java:502)
	at java.base/java.lang.reflect.Constructor.newInstance(Constructor.java:486)
	at org.openqa.selenium.remote.ErrorCodec.decode(ErrorCodec.java:167)
	at org.openqa.selenium.remote.codec.w3c.W3CHttpResponseCodec.decode(W3CHttpResponseCodec.java:138)
	at org.openqa.selenium.remote.codec.w3c.W3CHttpResponseCodec.decode(W3CHttpResponseCodec.java:50)
	at org.openqa.selenium.remote.HttpCommandExecutor.execute(HttpCommandExecutor.java:215)
	at org.openqa.selenium.remote.service.DriverCommandExecutor.invokeExecute(DriverCommandExecutor.java:216)
	at org.openqa.selenium.remote.service.DriverCommandExecutor.execute(DriverCommandExecutor.java:174)
	at org.openqa.selenium.remote.RemoteWebDriver.execute(RemoteWebDriver.java:545)
	at org.openqa.selenium.remote.ElementLocation$ElementFinder$2.findElement(ElementLocation.java:165)
	at org.openqa.selenium.remote.ElementLocation.findElement(ElementLocation.java:59)
	at org.openqa.selenium.remote.RemoteWebDriver.findElement(RemoteWebDriver.java:368)
	at org.openqa.selenium.remote.RemoteWebDriver.findElement(RemoteWebDriver.java:362)
	at org.openqa.selenium.support.pagefactory.DefaultElementLocator.findElement(DefaultElementLocator.java:68)
	at org.openqa.selenium.support.pagefactory.internal.LocatingElementHandler.invoke(LocatingElementHandler.java:38)
	at jdk.proxy2/jdk.proxy2.$Proxy60.isDisplayed(Unknown Source)
	at org.openqa.selenium.support.ui.ExpectedConditions.elementIfVisible(ExpectedConditions.java:304)
	at org.openqa.selenium.support.ui.ExpectedConditions$10.apply(ExpectedConditions.java:290)
	at org.openqa.selenium.support.ui.ExpectedConditions$10.apply(ExpectedConditions.java:287)
	at org.openqa.selenium.support.ui.ExpectedConditions$23.apply(ExpectedConditions.java:656)
	at org.openqa.selenium.support.ui.ExpectedConditions$23.apply(ExpectedConditions.java:652)
	at org.openqa.selenium.support.ui.FluentWait.until(FluentWait.java:203)
	... 3 more
</pre></div></td>
<td>29</td>
<td>com.runner.RunnerTestNg@58a9760d</td></tr>
<tr>
<td title='com.runner.RunnerTestNg.runScenario()'><b>runScenario</b><br>Test class: com.runner.RunnerTestNg<br>Test method: Runs Cucumber Scenarios<br>Parameters: "Adding new address", "Soundar_15APR2025_LambdaTesters_UserAccountManagement"</td>
<td><div><pre>java.lang.AssertionError: expected [true] but found [false]
	at com.definitions.UserAccountDefinition.user_should_see_success_message(UserAccountDefinition.java:93)
	at ✽.user should see &quot;Your address has been successfully added&quot;(file:///C:/Users/saran/git/SeleniumFinalCucumber/ecommerce-lambdatest-bd/src/test/resources/com/features/UserAccountManagement.feature:24)
... Removed 4 stack frames</pre></div><a href='#' onClick='toggleBox("stack-trace363142383", this, "Click to show all stack frames", "Click to hide stack frames")'>Click to show all stack frames</a>
<div class='stack-trace' id='stack-trace363142383'><pre>java.lang.AssertionError: expected [true] but found [false]
	at org.testng.Assert.fail(Assert.java:111)
	at org.testng.Assert.failNotEquals(Assert.java:1590)
	at org.testng.Assert.assertTrue(Assert.java:57)
	at org.testng.Assert.assertTrue(Assert.java:67)
	at com.definitions.UserAccountDefinition.user_should_see_success_message(UserAccountDefinition.java:93)
	at ✽.user should see &quot;Your address has been successfully added&quot;(file:///C:/Users/saran/git/SeleniumFinalCucumber/ecommerce-lambdatest-bd/src/test/resources/com/features/UserAccountManagement.feature:24)
</pre></div></td>
<td>23</td>
<td>com.runner.RunnerTestNg@58a9760d</td></tr>
<tr>
<td title='com.runner.RunnerTestNg.runScenario()'><b>runScenario</b><br>Test class: com.runner.RunnerTestNg<br>Test method: Runs Cucumber Scenarios<br>Parameters: "To redirected to the product page after clicking Shop Now button in Block 2", "Saranya_20APR2025_LamdaTesters_Feature file for HomePage Assertion"</td>
<td><div><pre>org.openqa.selenium.TimeoutException: Expected condition failed: waiting for element to be clickable: Proxy element for: DefaultElementLocator &apos;By.id: entry_217967&apos; (tried for 10 second(s) with 500 milliseconds interval)
	at org.openqa.selenium.support.ui.WebDriverWait.timeoutException(WebDriverWait.java:84)
	at org.openqa.selenium.support.ui.FluentWait.until(FluentWait.java:228)
	at com.actions.HomePageAction.clickMpowBanner(HomePageAction.java:39)
	at com.definitions.HomePageDefinition.the_user_clicks_shop_now_in_second_block(HomePageDefinition.java:41)
	at ✽.the user clicks shop now in second block(file:///C:/Users/saran/git/SeleniumFinalCucumber/ecommerce-lambdatest-bd/src/test/resources/com/features/Home.feature:15)
Caused by: org.openqa.selenium.NoSuchElementException: no such element: Unable to locate element: {&quot;method&quot;:&quot;css selector&quot;,&quot;selector&quot;:&quot;#entry_217967&quot;}
  (Session info: chrome=136.0.7103.48)
For documentation on this error, please visit: https://www.selenium.dev/documentation/webdriver/troubleshooting/errors#no-such-element-exception
Build info: version: &apos;4.31.0&apos;, revision: &apos;1ef9f18787*&apos;
System info: os.name: &apos;Windows 11&apos;, os.arch: &apos;amd64&apos;, os.version: &apos;10.0&apos;, java.version: &apos;21.0.6&apos;
Driver info: org.openqa.selenium.chrome.ChromeDriver
Command: [dbe1e9a2225dfc6b581c14835565904a, findElement {value=entry_217967, using=id}]
Capabilities {acceptInsecureCerts: false, browserName: chrome, browserVersion: 136.0.7103.48, chrome: {chromedriverVersion: 136.0.7103.49 (031848bc6ad0..., userDataDir: C:\Users\saran\AppData\Loca...}, fedcm:accounts: true, goog:chromeOptions: {debuggerAddress: localhost:58304}, networkConnectionEnabled: false, pageLoadStrategy: normal, platformName: windows, proxy: Proxy(), se:cdp: ws://localhost:58304/devtoo..., se:cdpVersion: 136.0.7103.48, setWindowRect: true, strictFileInteractability: false, timeouts: {implicit: 0, pageLoad: 300000, script: 30000}, unhandledPromptBehavior: dismiss and notify, webauthn:extension:credBlob: true, webauthn:extension:largeBlob: true, webauthn:extension:minPinLength: true, webauthn:extension:prf: true, webauthn:virtualAuthenticators: true}
Session ID: dbe1e9a2225dfc6b581c14835565904a
	at org.openqa.selenium.remote.ErrorCodec.decode(ErrorCodec.java:167)
	at org.openqa.selenium.remote.codec.w3c.W3CHttpResponseCodec.decode(W3CHttpResponseCodec.java:138)
	at org.openqa.selenium.remote.codec.w3c.W3CHttpResponseCodec.decode(W3CHttpResponseCodec.java:50)
	at org.openqa.selenium.remote.HttpCommandExecutor.execute(HttpCommandExecutor.java:215)
	at org.openqa.selenium.remote.service.DriverCommandExecutor.invokeExecute(DriverCommandExecutor.java:216)
	at org.openqa.selenium.remote.service.DriverCommandExecutor.execute(DriverCommandExecutor.java:174)
	at org.openqa.selenium.remote.RemoteWebDriver.execute(RemoteWebDriver.java:545)
	at org.openqa.selenium.remote.ElementLocation$ElementFinder$2.findElement(ElementLocation.java:165)
	at org.openqa.selenium.remote.ElementLocation.findElement(ElementLocation.java:66)
	at org.openqa.selenium.remote.RemoteWebDriver.findElement(RemoteWebDriver.java:368)
	at org.openqa.selenium.remote.RemoteWebDriver.findElement(RemoteWebDriver.java:362)
	at org.openqa.selenium.support.pagefactory.DefaultElementLocator.findElement(DefaultElementLocator.java:68)
	at org.openqa.selenium.support.pagefactory.internal.LocatingElementHandler.invoke(LocatingElementHandler.java:38)
	at jdk.proxy2/jdk.proxy2.$Proxy60.isDisplayed(Unknown Source)
	at org.openqa.selenium.support.ui.ExpectedConditions.elementIfVisible(ExpectedConditions.java:304)
	at org.openqa.selenium.support.ui.ExpectedConditions$10.apply(ExpectedConditions.java:290)
	at org.openqa.selenium.support.ui.ExpectedConditions$10.apply(ExpectedConditions.java:287)
	at org.openqa.selenium.support.ui.ExpectedConditions$23.apply(ExpectedConditions.java:656)
	at org.openqa.selenium.support.ui.ExpectedConditions$23.apply(ExpectedConditions.java:652)
	at org.openqa.selenium.support.ui.FluentWait.until(FluentWait.java:203)
	... 3 more
... Removed 3 stack frames</pre></div><a href='#' onClick='toggleBox("stack-trace332860616", this, "Click to show all stack frames", "Click to hide stack frames")'>Click to show all stack frames</a>
<div class='stack-trace' id='stack-trace332860616'><pre>org.openqa.selenium.TimeoutException: Expected condition failed: waiting for element to be clickable: Proxy element for: DefaultElementLocator &apos;By.id: entry_217967&apos; (tried for 10 second(s) with 500 milliseconds interval)
	at org.openqa.selenium.support.ui.WebDriverWait.timeoutException(WebDriverWait.java:84)
	at org.openqa.selenium.support.ui.FluentWait.until(FluentWait.java:228)
	at com.actions.HomePageAction.clickMpowBanner(HomePageAction.java:39)
	at com.definitions.HomePageDefinition.the_user_clicks_shop_now_in_second_block(HomePageDefinition.java:41)
	at ✽.the user clicks shop now in second block(file:///C:/Users/saran/git/SeleniumFinalCucumber/ecommerce-lambdatest-bd/src/test/resources/com/features/Home.feature:15)
Caused by: org.openqa.selenium.NoSuchElementException: no such element: Unable to locate element: {&quot;method&quot;:&quot;css selector&quot;,&quot;selector&quot;:&quot;#entry_217967&quot;}
  (Session info: chrome=136.0.7103.48)
For documentation on this error, please visit: https://www.selenium.dev/documentation/webdriver/troubleshooting/errors#no-such-element-exception
Build info: version: &apos;4.31.0&apos;, revision: &apos;1ef9f18787*&apos;
System info: os.name: &apos;Windows 11&apos;, os.arch: &apos;amd64&apos;, os.version: &apos;10.0&apos;, java.version: &apos;21.0.6&apos;
Driver info: org.openqa.selenium.chrome.ChromeDriver
Command: [dbe1e9a2225dfc6b581c14835565904a, findElement {value=entry_217967, using=id}]
Capabilities {acceptInsecureCerts: false, browserName: chrome, browserVersion: 136.0.7103.48, chrome: {chromedriverVersion: 136.0.7103.49 (031848bc6ad0..., userDataDir: C:\Users\saran\AppData\Loca...}, fedcm:accounts: true, goog:chromeOptions: {debuggerAddress: localhost:58304}, networkConnectionEnabled: false, pageLoadStrategy: normal, platformName: windows, proxy: Proxy(), se:cdp: ws://localhost:58304/devtoo..., se:cdpVersion: 136.0.7103.48, setWindowRect: true, strictFileInteractability: false, timeouts: {implicit: 0, pageLoad: 300000, script: 30000}, unhandledPromptBehavior: dismiss and notify, webauthn:extension:credBlob: true, webauthn:extension:largeBlob: true, webauthn:extension:minPinLength: true, webauthn:extension:prf: true, webauthn:virtualAuthenticators: true}
Session ID: dbe1e9a2225dfc6b581c14835565904a
	at java.base/jdk.internal.reflect.DirectConstructorHandleAccessor.newInstance(DirectConstructorHandleAccessor.java:62)
	at java.base/java.lang.reflect.Constructor.newInstanceWithCaller(Constructor.java:502)
	at java.base/java.lang.reflect.Constructor.newInstance(Constructor.java:486)
	at org.openqa.selenium.remote.ErrorCodec.decode(ErrorCodec.java:167)
	at org.openqa.selenium.remote.codec.w3c.W3CHttpResponseCodec.decode(W3CHttpResponseCodec.java:138)
	at org.openqa.selenium.remote.codec.w3c.W3CHttpResponseCodec.decode(W3CHttpResponseCodec.java:50)
	at org.openqa.selenium.remote.HttpCommandExecutor.execute(HttpCommandExecutor.java:215)
	at org.openqa.selenium.remote.service.DriverCommandExecutor.invokeExecute(DriverCommandExecutor.java:216)
	at org.openqa.selenium.remote.service.DriverCommandExecutor.execute(DriverCommandExecutor.java:174)
	at org.openqa.selenium.remote.RemoteWebDriver.execute(RemoteWebDriver.java:545)
	at org.openqa.selenium.remote.ElementLocation$ElementFinder$2.findElement(ElementLocation.java:165)
	at org.openqa.selenium.remote.ElementLocation.findElement(ElementLocation.java:66)
	at org.openqa.selenium.remote.RemoteWebDriver.findElement(RemoteWebDriver.java:368)
	at org.openqa.selenium.remote.RemoteWebDriver.findElement(RemoteWebDriver.java:362)
	at org.openqa.selenium.support.pagefactory.DefaultElementLocator.findElement(DefaultElementLocator.java:68)
	at org.openqa.selenium.support.pagefactory.internal.LocatingElementHandler.invoke(LocatingElementHandler.java:38)
	at jdk.proxy2/jdk.proxy2.$Proxy60.isDisplayed(Unknown Source)
	at org.openqa.selenium.support.ui.ExpectedConditions.elementIfVisible(ExpectedConditions.java:304)
	at org.openqa.selenium.support.ui.ExpectedConditions$10.apply(ExpectedConditions.java:290)
	at org.openqa.selenium.support.ui.ExpectedConditions$10.apply(ExpectedConditions.java:287)
	at org.openqa.selenium.support.ui.ExpectedConditions$23.apply(ExpectedConditions.java:656)
	at org.openqa.selenium.support.ui.ExpectedConditions$23.apply(ExpectedConditions.java:652)
	at org.openqa.selenium.support.ui.FluentWait.until(FluentWait.java:203)
	... 3 more
</pre></div></td>
<td>24</td>
<td>com.runner.RunnerTestNg@58a9760d</td></tr>
</table><p>
<table width='100%' border='1' class='invocation-passed'>
<tr><td colspan='4' align='center'><b>PASSED TESTS</b></td></tr>
<tr><td><b>Test method</b></td>
<td><b>Attribute(s)</b></td>
<td width="30%"><b>Exception</b></td>
<td width="10%"><b>Time (seconds)</b></td>
<td><b>Instance</b></td>
</tr>
<tr>
<td title='com.runner.RunnerTestNg.runScenario()'><b>runScenario</b><br>Test class: com.runner.RunnerTestNg<br>Test method: Runs Cucumber Scenarios<br>Parameters: "Search functionality with invalid inputs", "Jeevika_12APR2025_LambdaTesters_Search"</td>
<td></td>
<td>11</td>
<td>com.runner.RunnerTestNg@58a9760d</td></tr>
<tr>
<td title='com.runner.RunnerTestNg.runScenario()'><b>runScenario</b><br>Test class: com.runner.RunnerTestNg<br>Test method: Runs Cucumber Scenarios<br>Parameters: "To checkout view the order history after ordering", "Saranya_16APR2025_LambdaTesters_My_orders_feature"</td>
<td></td>
<td>65</td>
<td>com.runner.RunnerTestNg@58a9760d</td></tr>
<tr>
<td title='com.runner.RunnerTestNg.runScenario()'><b>runScenario</b><br>Test class: com.runner.RunnerTestNg<br>Test method: Runs Cucumber Scenarios<br>Parameters: "Edit user account details", "Soundar_15APR2025_LambdaTesters_UserAccountManagement"</td>
<td></td>
<td>20</td>
<td>com.runner.RunnerTestNg@58a9760d</td></tr>
<tr>
<td title='com.runner.RunnerTestNg.runScenario()'><b>runScenario</b><br>Test class: com.runner.RunnerTestNg<br>Test method: Runs Cucumber Scenarios<br>Parameters: "Submitting a blog comment without filling required details", "Jeevika_16APR2025_LambdaTesters_Blog"</td>
<td></td>
<td>25</td>
<td>com.runner.RunnerTestNg@58a9760d</td></tr>
<tr>
<td title='com.runner.RunnerTestNg.runScenario()'><b>runScenario</b><br>Test class: com.runner.RunnerTestNg<br>Test method: Runs Cucumber Scenarios<br>Parameters: "Register with valid inputs", "Saranya_09APR2025_LambdaTesters_User_Registration_Functionality"</td>
<td></td>
<td>19</td>
<td>com.runner.RunnerTestNg@58a9760d</td></tr>
<tr>
<td title='com.runner.RunnerTestNg.runScenario()'><b>runScenario</b><br>Test class: com.runner.RunnerTestNg<br>Test method: Runs Cucumber Scenarios<br>Parameters: "To Add the products to comparision list", "Saranya_15APR2025_LambdaTesters_Product_compare_functionality"</td>
<td></td>
<td>46</td>
<td>com.runner.RunnerTestNg@58a9760d</td></tr>
<tr>
<td title='com.runner.RunnerTestNg.runScenario()'><b>runScenario</b><br>Test class: com.runner.RunnerTestNg<br>Test method: Runs Cucumber Scenarios<br>Parameters: "User tries to login with invalid credentials", "Jeevika_09APR2025_LambdaTesters_Login"</td>
<td></td>
<td>11</td>
<td>com.runner.RunnerTestNg@58a9760d</td></tr>
<tr>
<td title='com.runner.RunnerTestNg.runScenario()'><b>runScenario</b><br>Test class: com.runner.RunnerTestNg<br>Test method: Runs Cucumber Scenarios<br>Parameters: "To checkout the  cart as a registered user", "Saranya_12APR2025_LambdaTesters_Shopping_Cart_CheckOut_functionality"</td>
<td></td>
<td>46</td>
<td>com.runner.RunnerTestNg@58a9760d</td></tr>
<tr>
<td title='com.runner.RunnerTestNg.runScenario()'><b>runScenario</b><br>Test class: com.runner.RunnerTestNg<br>Test method: Runs Cucumber Scenarios<br>Parameters: "Submitting a blog comment without filling required details", "Jeevika_16APR2025_LambdaTesters_Blog"</td>
<td></td>
<td>19</td>
<td>com.runner.RunnerTestNg@58a9760d</td></tr>
<tr>
<td title='com.runner.RunnerTestNg.runScenario()'><b>runScenario</b><br>Test class: com.runner.RunnerTestNg<br>Test method: Runs Cucumber Scenarios<br>Parameters: "To checkout the empty shopping cart as a registered user", "Saranya_12APR2025_LambdaTesters_Shopping_Cart_CheckOut_functionality"</td>
<td></td>
<td>21</td>
<td>com.runner.RunnerTestNg@58a9760d</td></tr>
<tr>
<td title='com.runner.RunnerTestNg.runScenario()'><b>runScenario</b><br>Test class: com.runner.RunnerTestNg<br>Test method: Runs Cucumber Scenarios<br>Parameters: "Remove a product from the cart", "Soundar_12APR2025_LambdaTesters_AddToCart"</td>
<td></td>
<td>65</td>
<td>com.runner.RunnerTestNg@58a9760d</td></tr>
<tr>
<td title='com.runner.RunnerTestNg.runScenario()'><b>runScenario</b><br>Test class: com.runner.RunnerTestNg<br>Test method: Runs Cucumber Scenarios<br>Parameters: "user clicks on designs of addOns", "Jeevika_01MAY2025_LambdaTesters_AddOns"</td>
<td></td>
<td>19</td>
<td>com.runner.RunnerTestNg@58a9760d</td></tr>
<tr>
<td title='com.runner.RunnerTestNg.runScenario()'><b>runScenario</b><br>Test class: com.runner.RunnerTestNg<br>Test method: Runs Cucumber Scenarios<br>Parameters: "Submit review with rating but without comment", "Soundar_16APR2025_LambdaTesters_ProductReview"</td>
<td></td>
<td>23</td>
<td>com.runner.RunnerTestNg@58a9760d</td></tr>
<tr>
<td title='com.runner.RunnerTestNg.runScenario()'><b>runScenario</b><br>Test class: com.runner.RunnerTestNg<br>Test method: Runs Cucumber Scenarios<br>Parameters: "Register with invalid inputs", "Saranya_09APR2025_LambdaTesters_User_Registration_Functionality"</td>
<td></td>
<td>18</td>
<td>com.runner.RunnerTestNg@58a9760d</td></tr>
<tr>
<td title='com.runner.RunnerTestNg.runScenario()'><b>runScenario</b><br>Test class: com.runner.RunnerTestNg<br>Test method: Runs Cucumber Scenarios<br>Parameters: "Register a user and register as affiliate with valid and invalid inputs", "Jeevika_15APR2025_LambdaTesters_AffiliateAccount"</td>
<td></td>
<td>41</td>
<td>com.runner.RunnerTestNg@58a9760d</td></tr>
<tr>
<td title='com.runner.RunnerTestNg.runScenario()'><b>runScenario</b><br>Test class: com.runner.RunnerTestNg<br>Test method: Runs Cucumber Scenarios<br>Parameters: "Validate all FAQ messages displayed for iPod Nano under Phones & PDAs category", "Soundar_29APR2025_LambdaTesters_FrequentlyAskedQuestion"</td>
<td></td>
<td>49</td>
<td>com.runner.RunnerTestNg@58a9760d</td></tr>
<tr>
<td title='com.runner.RunnerTestNg.runScenario()'><b>runScenario</b><br>Test class: com.runner.RunnerTestNg<br>Test method: Runs Cucumber Scenarios<br>Parameters: "Search functionality with case sensitive inputs", "Jeevika_12APR2025_LambdaTesters_Search"</td>
<td></td>
<td>12</td>
<td>com.runner.RunnerTestNg@58a9760d</td></tr>
<tr>
<td title='com.runner.RunnerTestNg.runScenario()'><b>runScenario</b><br>Test class: com.runner.RunnerTestNg<br>Test method: Runs Cucumber Scenarios<br>Parameters: "Search functionality with valid inputs", "Jeevika_12APR2025_LambdaTesters_Search"</td>
<td></td>
<td>14</td>
<td>com.runner.RunnerTestNg@58a9760d</td></tr>
<tr>
<td title='com.runner.RunnerTestNg.runScenario()'><b>runScenario</b><br>Test class: com.runner.RunnerTestNg<br>Test method: Runs Cucumber Scenarios<br>Parameters: "Submitting a blog comment without filling required details", "Jeevika_16APR2025_LambdaTesters_Blog"</td>
<td></td>
<td>24</td>
<td>com.runner.RunnerTestNg@58a9760d</td></tr>
<tr>
<td title='com.runner.RunnerTestNg.runScenario()'><b>runScenario</b><br>Test class: com.runner.RunnerTestNg<br>Test method: Runs Cucumber Scenarios<br>Parameters: "To redirect to the product page after clicking Head phones poster", "Saranya_20APR2025_LamdaTesters_Feature file for HomePage Assertion"</td>
<td></td>
<td>19</td>
<td>com.runner.RunnerTestNg@58a9760d</td></tr>
<tr>
<td title='com.runner.RunnerTestNg.runScenario()'><b>runScenario</b><br>Test class: com.runner.RunnerTestNg<br>Test method: Runs Cucumber Scenarios<br>Parameters: "Adding a valid comment to the blog", "Jeevika_16APR2025_LambdaTesters_Blog"</td>
<td></td>
<td>24</td>
<td>com.runner.RunnerTestNg@58a9760d</td></tr>
<tr>
<td title='com.runner.RunnerTestNg.runScenario()'><b>runScenario</b><br>Test class: com.runner.RunnerTestNg<br>Test method: Runs Cucumber Scenarios<br>Parameters: "To reorder the product in the order  history", "Saranya_16APR2025_LambdaTesters_My_orders_feature"</td>
<td></td>
<td>65</td>
<td>com.runner.RunnerTestNg@58a9760d</td></tr>
<tr>
<td title='com.runner.RunnerTestNg.runScenario()'><b>runScenario</b><br>Test class: com.runner.RunnerTestNg<br>Test method: Runs Cucumber Scenarios<br>Parameters: "User tries to login with invalid credentials", "Jeevika_09APR2025_LambdaTesters_Login"</td>
<td></td>
<td>12</td>
<td>com.runner.RunnerTestNg@58a9760d</td></tr>
<tr>
<td title='com.runner.RunnerTestNg.runScenario()'><b>runScenario</b><br>Test class: com.runner.RunnerTestNg<br>Test method: Runs Cucumber Scenarios<br>Parameters: "To checkout the shopping cart as a guest user", "Saranya_12APR2025_LambdaTesters_Shopping_Cart_CheckOut_functionality"</td>
<td></td>
<td>55</td>
<td>com.runner.RunnerTestNg@58a9760d</td></tr>
<tr>
<td title='com.runner.RunnerTestNg.runScenario()'><b>runScenario</b><br>Test class: com.runner.RunnerTestNg<br>Test method: Runs Cucumber Scenarios<br>Parameters: "User requests a password reset link using invalid email", "Soundar_09APR2025_LambdaTesters_ForgotPassword"</td>
<td></td>
<td>27</td>
<td>com.runner.RunnerTestNg@58a9760d</td></tr>
<tr>
<td title='com.runner.RunnerTestNg.runScenario()'><b>runScenario</b><br>Test class: com.runner.RunnerTestNg<br>Test method: Runs Cucumber Scenarios<br>Parameters: "To assert special offer button in homepage", "Jeevika_29APR2025_LamdaTesters_SpecialOffer_in_homePage"</td>
<td></td>
<td>12</td>
<td>com.runner.RunnerTestNg@58a9760d</td></tr>
<tr>
<td title='com.runner.RunnerTestNg.runScenario()'><b>runScenario</b><br>Test class: com.runner.RunnerTestNg<br>Test method: Runs Cucumber Scenarios<br>Parameters: "Subscribe or Unsubscribe from newsletter", "Soundar_15APR2025_LambdaTesters_UserAccountManagement"</td>
<td></td>
<td>21</td>
<td>com.runner.RunnerTestNg@58a9760d</td></tr>
<tr>
<td title='com.runner.RunnerTestNg.runScenario()'><b>runScenario</b><br>Test class: com.runner.RunnerTestNg<br>Test method: Runs Cucumber Scenarios<br>Parameters: "Submit review without rating but with comment", "Soundar_16APR2025_LambdaTesters_ProductReview"</td>
<td></td>
<td>26</td>
<td>com.runner.RunnerTestNg@58a9760d</td></tr>
<tr>
<td title='com.runner.RunnerTestNg.runScenario()'><b>runScenario</b><br>Test class: com.runner.RunnerTestNg<br>Test method: Runs Cucumber Scenarios<br>Parameters: "Register with valid inputs", "Saranya_09APR2025_LambdaTesters_User_Registration_Functionality"</td>
<td></td>
<td>16</td>
<td>com.runner.RunnerTestNg@58a9760d</td></tr>
<tr>
<td title='com.runner.RunnerTestNg.runScenario()'><b>runScenario</b><br>Test class: com.runner.RunnerTestNg<br>Test method: Runs Cucumber Scenarios<br>Parameters: "Click on a iPod Nano product and verify the URL", "Soundar_01MAY2025_LambdaTesters_Verify_product_url"</td>
<td></td>
<td>39</td>
<td>com.runner.RunnerTestNg@58a9760d</td></tr>
<tr>
<td title='com.runner.RunnerTestNg.runScenario()'><b>runScenario</b><br>Test class: com.runner.RunnerTestNg<br>Test method: Runs Cucumber Scenarios<br>Parameters: "User tries to login with invalid credentials", "Jeevika_09APR2025_LambdaTesters_Login"</td>
<td></td>
<td>14</td>
<td>com.runner.RunnerTestNg@58a9760d</td></tr>
<tr>
<td title='com.runner.RunnerTestNg.runScenario()'><b>runScenario</b><br>Test class: com.runner.RunnerTestNg<br>Test method: Runs Cucumber Scenarios<br>Parameters: "Submit review without rating and without comment", "Soundar_16APR2025_LambdaTesters_ProductReview"</td>
<td></td>
<td>26</td>
<td>com.runner.RunnerTestNg@58a9760d</td></tr>
<tr>
<td title='com.runner.RunnerTestNg.runScenario()'><b>runScenario</b><br>Test class: com.runner.RunnerTestNg<br>Test method: Runs Cucumber Scenarios<br>Parameters: "User tries to login with valid credentials and logs out", "Jeevika_09APR2025_LambdaTesters_Login"</td>
<td></td>
<td>16</td>
<td>com.runner.RunnerTestNg@58a9760d</td></tr>
<tr>
<td title='com.runner.RunnerTestNg.runScenario()'><b>runScenario</b><br>Test class: com.runner.RunnerTestNg<br>Test method: Runs Cucumber Scenarios<br>Parameters: "User requests a password reset link without providing email", "Soundar_09APR2025_LambdaTesters_ForgotPassword"</td>
<td></td>
<td>24</td>
<td>com.runner.RunnerTestNg@58a9760d</td></tr>
<tr>
<td title='com.runner.RunnerTestNg.runScenario()'><b>runScenario</b><br>Test class: com.runner.RunnerTestNg<br>Test method: Runs Cucumber Scenarios<br>Parameters: "User requests a password reset link using valid email", "Soundar_09APR2025_LambdaTesters_ForgotPassword"</td>
<td></td>
<td>27</td>
<td>com.runner.RunnerTestNg@58a9760d</td></tr>
<tr>
<td title='com.runner.RunnerTestNg.runScenario()'><b>runScenario</b><br>Test class: com.runner.RunnerTestNg<br>Test method: Runs Cucumber Scenarios<br>Parameters: "Change user password without providing new password", "Soundar_15APR2025_LambdaTesters_UserAccountManagement"</td>
<td></td>
<td>18</td>
<td>com.runner.RunnerTestNg@58a9760d</td></tr>
<tr>
<td title='com.runner.RunnerTestNg.runScenario()'><b>runScenario</b><br>Test class: com.runner.RunnerTestNg<br>Test method: Runs Cucumber Scenarios<br>Parameters: "User tries to login with valid credentials", "Jeevika_09APR2025_LambdaTesters_Login"</td>
<td></td>
<td>14</td>
<td>com.runner.RunnerTestNg@58a9760d</td></tr>
<tr>
<td title='com.runner.RunnerTestNg.runScenario()'><b>runScenario</b><br>Test class: com.runner.RunnerTestNg<br>Test method: Runs Cucumber Scenarios<br>Parameters: "Add a single product to the cart", "Soundar_12APR2025_LambdaTesters_AddToCart"</td>
<td></td>
<td>35</td>
<td>com.runner.RunnerTestNg@58a9760d</td></tr>
<tr>
<td title='com.runner.RunnerTestNg.runScenario()'><b>runScenario</b><br>Test class: com.runner.RunnerTestNg<br>Test method: Runs Cucumber Scenarios<br>Parameters: "Register a user and register as affiliate with valid and invalid inputs", "Jeevika_15APR2025_LambdaTesters_AffiliateAccount"</td>
<td></td>
<td>40</td>
<td>com.runner.RunnerTestNg@58a9760d</td></tr>
<tr>
<td title='com.runner.RunnerTestNg.runScenario()'><b>runScenario</b><br>Test class: com.runner.RunnerTestNg<br>Test method: Runs Cucumber Scenarios<br>Parameters: "Search functionality by category as input", "Jeevika_12APR2025_LambdaTesters_Search"</td>
<td></td>
<td>13</td>
<td>com.runner.RunnerTestNg@58a9760d</td></tr>
<tr>
<td title='com.runner.RunnerTestNg.runScenario()'><b>runScenario</b><br>Test class: com.runner.RunnerTestNg<br>Test method: Runs Cucumber Scenarios<br>Parameters: "User tries to add a product to cart without selecting size", "Soundar_12APR2025_LambdaTesters_AddToCart"</td>
<td></td>
<td>35</td>
<td>com.runner.RunnerTestNg@58a9760d</td></tr>
<tr>
<td title='com.runner.RunnerTestNg.runScenario()'><b>runScenario</b><br>Test class: com.runner.RunnerTestNg<br>Test method: Runs Cucumber Scenarios<br>Parameters: "Register with invalid inputs", "Saranya_09APR2025_LambdaTesters_User_Registration_Functionality"</td>
<td></td>
<td>19</td>
<td>com.runner.RunnerTestNg@58a9760d</td></tr>
<tr>
<td title='com.runner.RunnerTestNg.runScenario()'><b>runScenario</b><br>Test class: com.runner.RunnerTestNg<br>Test method: Runs Cucumber Scenarios<br>Parameters: "To checkout the  cart with existing email", "Saranya_12APR2025_LambdaTesters_Shopping_Cart_CheckOut_functionality"</td>
<td></td>
<td>55</td>
<td>com.runner.RunnerTestNg@58a9760d</td></tr>
<tr>
<td title='com.runner.RunnerTestNg.runScenario()'><b>runScenario</b><br>Test class: com.runner.RunnerTestNg<br>Test method: Runs Cucumber Scenarios<br>Parameters: "Subscribe or Unsubscribe from newsletter", "Soundar_15APR2025_LambdaTesters_UserAccountManagement"</td>
<td></td>
<td>20</td>
<td>com.runner.RunnerTestNg@58a9760d</td></tr>
<tr>
<td title='com.runner.RunnerTestNg.runScenario()'><b>runScenario</b><br>Test class: com.runner.RunnerTestNg<br>Test method: Runs Cucumber Scenarios<br>Parameters: "Change user password", "Soundar_15APR2025_LambdaTesters_UserAccountManagement"</td>
<td></td>
<td>21</td>
<td>com.runner.RunnerTestNg@58a9760d</td></tr>
<tr>
<td title='com.runner.RunnerTestNg.runScenario()'><b>runScenario</b><br>Test class: com.runner.RunnerTestNg<br>Test method: Runs Cucumber Scenarios<br>Parameters: "clicking the product image to navigate to product shopping page", "Jeevika_16APR2025_LambdaTesters_Blog"</td>
<td></td>
<td>38</td>
<td>com.runner.RunnerTestNg@58a9760d</td></tr>
<tr>
<td title='com.runner.RunnerTestNg.runScenario()'><b>runScenario</b><br>Test class: com.runner.RunnerTestNg<br>Test method: Runs Cucumber Scenarios<br>Parameters: "category wise selection and assertion", "Jeevika_16APR2025_LambdaTesters_Blog"</td>
<td></td>
<td>17</td>
<td>com.runner.RunnerTestNg@58a9760d</td></tr>
<tr>
<td title='com.runner.RunnerTestNg.runScenario()'><b>runScenario</b><br>Test class: com.runner.RunnerTestNg<br>Test method: Runs Cucumber Scenarios<br>Parameters: "Search functionality with unnecessary indentation in search", "Jeevika_12APR2025_LambdaTesters_Search"</td>
<td></td>
<td>12</td>
<td>com.runner.RunnerTestNg@58a9760d</td></tr>
<tr>
<td title='com.runner.RunnerTestNg.runScenario()'><b>runScenario</b><br>Test class: com.runner.RunnerTestNg<br>Test method: Runs Cucumber Scenarios<br>Parameters: "Modify the wishlist by removing a product", "Soundar_15APR2025_LambdaTesters_UserAccountManagement"</td>
<td></td>
<td>18</td>
<td>com.runner.RunnerTestNg@58a9760d</td></tr>
<tr>
<td title='com.runner.RunnerTestNg.runScenario()'><b>runScenario</b><br>Test class: com.runner.RunnerTestNg<br>Test method: Runs Cucumber Scenarios<br>Parameters: "Register with invalid inputs", "Saranya_09APR2025_LambdaTesters_User_Registration_Functionality"</td>
<td></td>
<td>18</td>
<td>com.runner.RunnerTestNg@58a9760d</td></tr>
<tr>
<td title='com.runner.RunnerTestNg.runScenario()'><b>runScenario</b><br>Test class: com.runner.RunnerTestNg<br>Test method: Runs Cucumber Scenarios<br>Parameters: "To Add the products to comparision list", "Saranya_15APR2025_LambdaTesters_Product_compare_functionality"</td>
<td></td>
<td>15</td>
<td>com.runner.RunnerTestNg@58a9760d</td></tr>
<tr>
<td title='com.runner.RunnerTestNg.runScenario()'><b>runScenario</b><br>Test class: com.runner.RunnerTestNg<br>Test method: Runs Cucumber Scenarios<br>Parameters: "To perform compare without adding products to list", "Saranya_15APR2025_LambdaTesters_Product_compare_functionality"</td>
<td></td>
<td>29</td>
<td>com.runner.RunnerTestNg@58a9760d</td></tr>
<tr>
<td title='com.runner.RunnerTestNg.runScenario()'><b>runScenario</b><br>Test class: com.runner.RunnerTestNg<br>Test method: Runs Cucumber Scenarios<br>Parameters: "Register with valid inputs  with out checking privacy policy", "Saranya_09APR2025_LambdaTesters_User_Registration_Functionality"</td>
<td></td>
<td>18</td>
<td>com.runner.RunnerTestNg@58a9760d</td></tr>
<tr>
<td title='com.runner.RunnerTestNg.runScenario()'><b>runScenario</b><br>Test class: com.runner.RunnerTestNg<br>Test method: Runs Cucumber Scenarios<br>Parameters: "Register with invalid inputs", "Saranya_09APR2025_LambdaTesters_User_Registration_Functionality"</td>
<td></td>
<td>18</td>
<td>com.runner.RunnerTestNg@58a9760d</td></tr>
<tr>
<td title='com.runner.RunnerTestNg.runScenario()'><b>runScenario</b><br>Test class: com.runner.RunnerTestNg<br>Test method: Runs Cucumber Scenarios<br>Parameters: "Submit a valid product review with rating and comment", "Soundar_16APR2025_LambdaTesters_ProductReview"</td>
<td></td>
<td>29</td>
<td>com.runner.RunnerTestNg@58a9760d</td></tr>
<tr>
<td title='com.runner.RunnerTestNg.runScenario()'><b>runScenario</b><br>Test class: com.runner.RunnerTestNg<br>Test method: Runs Cucumber Scenarios<br>Parameters: "Add multiple quantities of the same product", "Soundar_12APR2025_LambdaTesters_AddToCart"</td>
<td></td>
<td>33</td>
<td>com.runner.RunnerTestNg@58a9760d</td></tr>
<tr>
<td title='com.runner.RunnerTestNg.runScenario()'><b>runScenario</b><br>Test class: com.runner.RunnerTestNg<br>Test method: Runs Cucumber Scenarios<br>Parameters: "User tries to login with invalid credentials", "Jeevika_09APR2025_LambdaTesters_Login"</td>
<td></td>
<td>13</td>
<td>com.runner.RunnerTestNg@58a9760d</td></tr>
</table><p>
</body>
</html>