<html>
<head>
<title>TestNG:  Default test</title>
<link href="../testng.css" rel="stylesheet" type="text/css" />
<link href="../my-testng.css" rel="stylesheet" type="text/css" />

<style type="text/css">
.log { display: none;} 
.stack-trace { display: none;} 
</style>
<script type="text/javascript">
<!--
function flip(e) {
  current = e.style.display;
  if (current == 'block') {
    e.style.display = 'none';
    return 0;
  }
  else {
    e.style.display = 'block';
    return 1;
  }
}

function toggleBox(szDivId, elem, msg1, msg2)
{
  var res = -1;  if (document.getElementById) {
    res = flip(document.getElementById(szDivId));
  }
  else if (document.all) {
    // this is the way old msie versions work
    res = flip(document.all[szDivId]);
  }
  if(elem) {
    if(res == 0) elem.innerHTML = msg1; else elem.innerHTML = msg2;
  }

}

function toggleAllBoxes() {
  if (document.getElementsByTagName) {
    d = document.getElementsByTagName('div');
    for (i = 0; i < d.length; i++) {
      if (d[i].className == 'log') {
        flip(d[i]);
      }
    }
  }
}

// -->
</script>

</head>
<body>
<h2 align='center'>Default test</h2><table border='1' align="center">
<tr>
<<<<<<< HEAD
<td>Tests passed/Failed/Skipped:</td><td>25/4/0</td>
=======
<td>Tests passed/Failed/Skipped:</td><td>2/2/0</td>
>>>>>>> branch 'main' of https://github.com/Saranyaa5/Ecommerce-lamdatest-bdd.git
</tr><tr>
<<<<<<< HEAD
<td>Started on:</td><td>Tue Apr 15 15:20:09 IST 2025</td>
=======
<td>Started on:</td><td>Tue Apr 15 12:44:53 IST 2025</td>
>>>>>>> branch 'main' of https://github.com/Saranyaa5/Ecommerce-lamdatest-bdd.git
</tr>
<<<<<<< HEAD
<tr><td>Total time:</td><td>129 seconds (129465 ms)</td>
=======
<tr><td>Total time:</td><td>89 seconds (89460 ms)</td>
>>>>>>> branch 'main' of https://github.com/Saranyaa5/Ecommerce-lamdatest-bdd.git
</tr><tr>
<td>Included groups:</td><td></td>
</tr><tr>
<td>Excluded groups:</td><td></td>
</tr>
</table><p/>
<small><i>(Hover the method name to see the test class name)</i></small><p/>
<table width='100%' border='1' class='invocation-failed'>
<tr><td colspan='4' align='center'><b>FAILED TESTS</b></td></tr>
<tr><td><b>Test method</b></td>
<td><b>Attribute(s)</b></td>
<td width="30%"><b>Exception</b></td>
<td width="10%"><b>Time (seconds)</b></td>
<td><b>Instance</b></td>
</tr>
<tr>
<<<<<<< HEAD
<td title='com.runner.RunnerTestNg.runScenario()'><b>runScenario</b><br>Test class: com.runner.RunnerTestNg<br>Test method: Runs Cucumber Scenarios<br>Parameters: "User tries to login with invalid credentials", "Login Functionality"</td>
<td><div><pre>java.lang.AssertionError: Check2 Failed: Empty password warning not displayed expected [Warning: No match for E-Mail Address and/or Password.] but found [Warning: Your account has exceeded allowed number of login attempts. Please try again in 1 hour.]
	at org.testng.Assert.fail(Assert.java:111)
	at org.testng.Assert.failNotEquals(Assert.java:1590)
	at org.testng.Assert.assertEqualsImpl(Assert.java:150)
	at org.testng.Assert.assertEquals(Assert.java:132)
	at org.testng.Assert.assertEquals(Assert.java:656)
	at com.definitions.UserLoginDefinition.the_user_should_see_the_and(UserLoginDefinition.java:63)
	at ✽.the user should see the &quot;Warning: No match for E-Mail Address and/or Password.&quot; and &quot;check2&quot;(file:///C:/Users/admi/git/Ecommerce-lamdatest-bdd/ecommerce-lambdatest-bd/src/test/resources/com/features/UserLogin.feature:19)
</pre></div><a href='#' onClick='toggleBox("stack-trace1568256939", this, "Click to show all stack frames", "Click to hide stack frames")'>Click to show all stack frames</a>
<div class='stack-trace' id='stack-trace1568256939'><pre>java.lang.AssertionError: Check2 Failed: Empty password warning not displayed expected [Warning: No match for E-Mail Address and/or Password.] but found [Warning: Your account has exceeded allowed number of login attempts. Please try again in 1 hour.]
	at org.testng.Assert.fail(Assert.java:111)
	at org.testng.Assert.failNotEquals(Assert.java:1590)
	at org.testng.Assert.assertEqualsImpl(Assert.java:150)
	at org.testng.Assert.assertEquals(Assert.java:132)
	at org.testng.Assert.assertEquals(Assert.java:656)
	at com.definitions.UserLoginDefinition.the_user_should_see_the_and(UserLoginDefinition.java:63)
	at ✽.the user should see the &quot;Warning: No match for E-Mail Address and/or Password.&quot; and &quot;check2&quot;(file:///C:/Users/admi/git/Ecommerce-lamdatest-bdd/ecommerce-lambdatest-bd/src/test/resources/com/features/UserLogin.feature:19)
</pre></div></td>
<td>28</td>
<td>com.runner.RunnerTestNg@26b3fd41</td></tr>
<tr>
<td title='com.runner.RunnerTestNg.runScenario()'><b>runScenario</b><br>Test class: com.runner.RunnerTestNg<br>Test method: Runs Cucumber Scenarios<br>Parameters: "User tries to login with valid credentials", "Login Functionality"</td>
<td><div><pre>org.openqa.selenium.NoSuchElementException: no such element: Unable to locate element: {&quot;method&quot;:&quot;xpath&quot;,&quot;selector&quot;:&quot;//h2[text()=&apos;My Account&apos;]&quot;}
  (Session info: chrome=135.0.7049.85)
For documentation on this error, please visit: https://www.selenium.dev/documentation/webdriver/troubleshooting/errors#no-such-element-exception
Build info: version: &apos;4.31.0&apos;, revision: &apos;1ef9f18787*&apos;
System info: os.name: &apos;Windows 10&apos;, os.arch: &apos;amd64&apos;, os.version: &apos;10.0&apos;, java.version: &apos;21.0.6&apos;
Driver info: org.openqa.selenium.chrome.ChromeDriver
Command: [9179bf8c78883afc3e1837c47ca6d691, findElement {value=//h2[text()=&apos;My Account&apos;], using=xpath}]
Capabilities {acceptInsecureCerts: false, browserName: chrome, browserVersion: 135.0.7049.85, chrome: {chromedriverVersion: 135.0.7049.84 (6c019e560019..., userDataDir: C:\Users\admi\AppData\Local...}, fedcm:accounts: true, goog:chromeOptions: {debuggerAddress: localhost:59551}, networkConnectionEnabled: false, pageLoadStrategy: normal, platformName: windows, proxy: Proxy(), se:cdp: ws://localhost:59551/devtoo..., se:cdpVersion: 135.0.7049.85, setWindowRect: true, strictFileInteractability: false, timeouts: {implicit: 0, pageLoad: 300000, script: 30000}, unhandledPromptBehavior: dismiss and notify, webauthn:extension:credBlob: true, webauthn:extension:largeBlob: true, webauthn:extension:minPinLength: true, webauthn:extension:prf: true, webauthn:virtualAuthenticators: true}
Session ID: 9179bf8c78883afc3e1837c47ca6d691
=======
<td title='com.runner.RunnerTestNg2.runScenario()'><b>runScenario</b><br>Test class: com.runner.RunnerTestNg2<br>Test method: Runs Cucumber Scenarios<br>Parameters: "To checkout the  cart as a registered user", "Shopping Cart CheckOut functionality"</td>
<td><div><pre>org.openqa.selenium.TimeoutException: Expected condition failed: waiting for element to be clickable: Proxy element for: DefaultElementLocator &apos;By.xpath: //*[@id=&quot;button-confirm&quot;]&apos; (tried for 30 second(s) with 500 milliseconds interval)
	at org.openqa.selenium.support.ui.WebDriverWait.timeoutException(WebDriverWait.java:84)
	at org.openqa.selenium.support.ui.FluentWait.until(FluentWait.java:228)
	at com.actions.CheckOutAction.confirmOrder(CheckOutAction.java:131)
	at com.definitions.CheckoutDefinition.the_user_clicks_confirm_order(CheckoutDefinition.java:67)
	at ✽.the user clicks confirm order(file:///C:/Users/saran/git/SeleniumFinalCucumber/ecommerce-lambdatest-bd/src/test/resources/com/features/ProductCheckOut.feature:59)
Caused by: org.openqa.selenium.NoSuchElementException: no such element: Unable to locate element: {&quot;method&quot;:&quot;xpath&quot;,&quot;selector&quot;:&quot;//*[@id=&quot;button-confirm&quot;]&quot;}
  (Session info: chrome=135.0.7049.85)
For documentation on this error, please visit: https://www.selenium.dev/documentation/webdriver/troubleshooting/errors#no-such-element-exception
Build info: version: &apos;4.31.0&apos;, revision: &apos;1ef9f18787*&apos;
System info: os.name: &apos;Windows 11&apos;, os.arch: &apos;amd64&apos;, os.version: &apos;10.0&apos;, java.version: &apos;21.0.6&apos;
Driver info: org.openqa.selenium.chrome.ChromeDriver
Command: [86d120d309a2a9bd01bf4e6215001b7b, findElement {value=//*[@id=&quot;button-confirm&quot;], using=xpath}]
Capabilities {acceptInsecureCerts: false, browserName: chrome, browserVersion: 135.0.7049.85, chrome: {chromedriverVersion: 135.0.7049.84 (6c019e560019..., userDataDir: C:\Users\saran\AppData\Loca...}, fedcm:accounts: true, goog:chromeOptions: {debuggerAddress: localhost:59231}, networkConnectionEnabled: false, pageLoadStrategy: normal, platformName: windows, proxy: Proxy(), se:cdp: ws://localhost:59231/devtoo..., se:cdpVersion: 135.0.7049.85, setWindowRect: true, strictFileInteractability: false, timeouts: {implicit: 0, pageLoad: 300000, script: 30000}, unhandledPromptBehavior: dismiss and notify, webauthn:extension:credBlob: true, webauthn:extension:largeBlob: true, webauthn:extension:minPinLength: true, webauthn:extension:prf: true, webauthn:virtualAuthenticators: true}
Session ID: 86d120d309a2a9bd01bf4e6215001b7b
>>>>>>> branch 'main' of https://github.com/Saranyaa5/Ecommerce-lamdatest-bdd.git
	at java.base/jdk.internal.reflect.DirectConstructorHandleAccessor.newInstance(DirectConstructorHandleAccessor.java:62)
	at java.base/java.lang.reflect.Constructor.newInstanceWithCaller(Constructor.java:502)
	at java.base/java.lang.reflect.Constructor.newInstance(Constructor.java:486)
	at org.openqa.selenium.remote.ErrorCodec.decode(ErrorCodec.java:167)
	at org.openqa.selenium.remote.codec.w3c.W3CHttpResponseCodec.decode(W3CHttpResponseCodec.java:138)
	at org.openqa.selenium.remote.codec.w3c.W3CHttpResponseCodec.decode(W3CHttpResponseCodec.java:50)
	at org.openqa.selenium.remote.HttpCommandExecutor.execute(HttpCommandExecutor.java:215)
	at org.openqa.selenium.remote.service.DriverCommandExecutor.invokeExecute(DriverCommandExecutor.java:216)
	at org.openqa.selenium.remote.service.DriverCommandExecutor.execute(DriverCommandExecutor.java:174)
	at org.openqa.selenium.remote.RemoteWebDriver.execute(RemoteWebDriver.java:545)
	at org.openqa.selenium.remote.ElementLocation$ElementFinder$2.findElement(ElementLocation.java:165)
	at org.openqa.selenium.remote.ElementLocation.findElement(ElementLocation.java:59)
	at org.openqa.selenium.remote.RemoteWebDriver.findElement(RemoteWebDriver.java:368)
	at org.openqa.selenium.remote.RemoteWebDriver.findElement(RemoteWebDriver.java:362)
	at org.openqa.selenium.support.pagefactory.DefaultElementLocator.findElement(DefaultElementLocator.java:68)
	at org.openqa.selenium.support.pagefactory.internal.LocatingElementHandler.invoke(LocatingElementHandler.java:38)
	at jdk.proxy2/jdk.proxy2.$Proxy60.isDisplayed(Unknown Source)
<<<<<<< HEAD
	at com.actions.UserLoginAction.isMyAccountPageDisplayed(UserLoginAction.java:66)
	at com.definitions.UserLoginDefinition.the_user_should_see_the_my_account_page(UserLoginDefinition.java:37)
	at ✽.the user should see the My Account page(file:///C:/Users/admi/git/Ecommerce-lamdatest-bdd/ecommerce-lambdatest-bd/src/test/resources/com/features/UserLogin.feature:12)
</pre></div><a href='#' onClick='toggleBox("stack-trace1962102661", this, "Click to show all stack frames", "Click to hide stack frames")'>Click to show all stack frames</a>
<div class='stack-trace' id='stack-trace1962102661'><pre>org.openqa.selenium.NoSuchElementException: no such element: Unable to locate element: {&quot;method&quot;:&quot;xpath&quot;,&quot;selector&quot;:&quot;//h2[text()=&apos;My Account&apos;]&quot;}
=======
	at org.openqa.selenium.support.ui.ExpectedConditions.elementIfVisible(ExpectedConditions.java:304)
	at org.openqa.selenium.support.ui.ExpectedConditions$10.apply(ExpectedConditions.java:290)
	at org.openqa.selenium.support.ui.ExpectedConditions$10.apply(ExpectedConditions.java:287)
	at org.openqa.selenium.support.ui.ExpectedConditions$23.apply(ExpectedConditions.java:656)
	at org.openqa.selenium.support.ui.ExpectedConditions$23.apply(ExpectedConditions.java:652)
	at org.openqa.selenium.support.ui.FluentWait.until(FluentWait.java:203)
	... 3 more
</pre></div><a href='#' onClick='toggleBox("stack-trace1726516319", this, "Click to show all stack frames", "Click to hide stack frames")'>Click to show all stack frames</a>
<div class='stack-trace' id='stack-trace1726516319'><pre>org.openqa.selenium.TimeoutException: Expected condition failed: waiting for element to be clickable: Proxy element for: DefaultElementLocator &apos;By.xpath: //*[@id=&quot;button-confirm&quot;]&apos; (tried for 30 second(s) with 500 milliseconds interval)
	at org.openqa.selenium.support.ui.WebDriverWait.timeoutException(WebDriverWait.java:84)
	at org.openqa.selenium.support.ui.FluentWait.until(FluentWait.java:228)
	at com.actions.CheckOutAction.confirmOrder(CheckOutAction.java:131)
	at com.definitions.CheckoutDefinition.the_user_clicks_confirm_order(CheckoutDefinition.java:67)
	at ✽.the user clicks confirm order(file:///C:/Users/saran/git/SeleniumFinalCucumber/ecommerce-lambdatest-bd/src/test/resources/com/features/ProductCheckOut.feature:59)
Caused by: org.openqa.selenium.NoSuchElementException: no such element: Unable to locate element: {&quot;method&quot;:&quot;xpath&quot;,&quot;selector&quot;:&quot;//*[@id=&quot;button-confirm&quot;]&quot;}
>>>>>>> branch 'main' of https://github.com/Saranyaa5/Ecommerce-lamdatest-bdd.git
  (Session info: chrome=135.0.7049.85)
For documentation on this error, please visit: https://www.selenium.dev/documentation/webdriver/troubleshooting/errors#no-such-element-exception
Build info: version: &apos;4.31.0&apos;, revision: &apos;1ef9f18787*&apos;
System info: os.name: &apos;Windows 11&apos;, os.arch: &apos;amd64&apos;, os.version: &apos;10.0&apos;, java.version: &apos;21.0.6&apos;
Driver info: org.openqa.selenium.chrome.ChromeDriver
<<<<<<< HEAD
Command: [9179bf8c78883afc3e1837c47ca6d691, findElement {value=//h2[text()=&apos;My Account&apos;], using=xpath}]
Capabilities {acceptInsecureCerts: false, browserName: chrome, browserVersion: 135.0.7049.85, chrome: {chromedriverVersion: 135.0.7049.84 (6c019e560019..., userDataDir: C:\Users\admi\AppData\Local...}, fedcm:accounts: true, goog:chromeOptions: {debuggerAddress: localhost:59551}, networkConnectionEnabled: false, pageLoadStrategy: normal, platformName: windows, proxy: Proxy(), se:cdp: ws://localhost:59551/devtoo..., se:cdpVersion: 135.0.7049.85, setWindowRect: true, strictFileInteractability: false, timeouts: {implicit: 0, pageLoad: 300000, script: 30000}, unhandledPromptBehavior: dismiss and notify, webauthn:extension:credBlob: true, webauthn:extension:largeBlob: true, webauthn:extension:minPinLength: true, webauthn:extension:prf: true, webauthn:virtualAuthenticators: true}
Session ID: 9179bf8c78883afc3e1837c47ca6d691
=======
Command: [86d120d309a2a9bd01bf4e6215001b7b, findElement {value=//*[@id=&quot;button-confirm&quot;], using=xpath}]
Capabilities {acceptInsecureCerts: false, browserName: chrome, browserVersion: 135.0.7049.85, chrome: {chromedriverVersion: 135.0.7049.84 (6c019e560019..., userDataDir: C:\Users\saran\AppData\Loca...}, fedcm:accounts: true, goog:chromeOptions: {debuggerAddress: localhost:59231}, networkConnectionEnabled: false, pageLoadStrategy: normal, platformName: windows, proxy: Proxy(), se:cdp: ws://localhost:59231/devtoo..., se:cdpVersion: 135.0.7049.85, setWindowRect: true, strictFileInteractability: false, timeouts: {implicit: 0, pageLoad: 300000, script: 30000}, unhandledPromptBehavior: dismiss and notify, webauthn:extension:credBlob: true, webauthn:extension:largeBlob: true, webauthn:extension:minPinLength: true, webauthn:extension:prf: true, webauthn:virtualAuthenticators: true}
Session ID: 86d120d309a2a9bd01bf4e6215001b7b
>>>>>>> branch 'main' of https://github.com/Saranyaa5/Ecommerce-lamdatest-bdd.git
	at java.base/jdk.internal.reflect.DirectConstructorHandleAccessor.newInstance(DirectConstructorHandleAccessor.java:62)
	at java.base/java.lang.reflect.Constructor.newInstanceWithCaller(Constructor.java:502)
	at java.base/java.lang.reflect.Constructor.newInstance(Constructor.java:486)
	at org.openqa.selenium.remote.ErrorCodec.decode(ErrorCodec.java:167)
	at org.openqa.selenium.remote.codec.w3c.W3CHttpResponseCodec.decode(W3CHttpResponseCodec.java:138)
	at org.openqa.selenium.remote.codec.w3c.W3CHttpResponseCodec.decode(W3CHttpResponseCodec.java:50)
	at org.openqa.selenium.remote.HttpCommandExecutor.execute(HttpCommandExecutor.java:215)
	at org.openqa.selenium.remote.service.DriverCommandExecutor.invokeExecute(DriverCommandExecutor.java:216)
	at org.openqa.selenium.remote.service.DriverCommandExecutor.execute(DriverCommandExecutor.java:174)
	at org.openqa.selenium.remote.RemoteWebDriver.execute(RemoteWebDriver.java:545)
	at org.openqa.selenium.remote.ElementLocation$ElementFinder$2.findElement(ElementLocation.java:165)
	at org.openqa.selenium.remote.ElementLocation.findElement(ElementLocation.java:59)
	at org.openqa.selenium.remote.RemoteWebDriver.findElement(RemoteWebDriver.java:368)
	at org.openqa.selenium.remote.RemoteWebDriver.findElement(RemoteWebDriver.java:362)
	at org.openqa.selenium.support.pagefactory.DefaultElementLocator.findElement(DefaultElementLocator.java:68)
	at org.openqa.selenium.support.pagefactory.internal.LocatingElementHandler.invoke(LocatingElementHandler.java:38)
	at jdk.proxy2/jdk.proxy2.$Proxy60.isDisplayed(Unknown Source)
	at org.openqa.selenium.support.ui.ExpectedConditions.elementIfVisible(ExpectedConditions.java:304)
	at org.openqa.selenium.support.ui.ExpectedConditions$10.apply(ExpectedConditions.java:290)
	at org.openqa.selenium.support.ui.ExpectedConditions$10.apply(ExpectedConditions.java:287)
	at org.openqa.selenium.support.ui.ExpectedConditions$23.apply(ExpectedConditions.java:656)
	at org.openqa.selenium.support.ui.ExpectedConditions$23.apply(ExpectedConditions.java:652)
	at org.openqa.selenium.support.ui.FluentWait.until(FluentWait.java:203)
	... 3 more
</pre></div></td>
<<<<<<< HEAD
<td>45</td>
<td>com.runner.RunnerTestNg@26b3fd41</td></tr>
<tr>
<td title='com.runner.RunnerTestNg.runScenario()'><b>runScenario</b><br>Test class: com.runner.RunnerTestNg<br>Test method: Runs Cucumber Scenarios<br>Parameters: "User tries to login with invalid credentials", "Login Functionality"</td>
<td><div><pre>java.lang.AssertionError: Check1 Failed: Expected warning message not displayed expected [Warning: No match for E-Mail Address and/or Password.] but found [Warning: Your account has exceeded allowed number of login attempts. Please try again in 1 hour.]
	at org.testng.Assert.fail(Assert.java:111)
	at org.testng.Assert.failNotEquals(Assert.java:1590)
	at org.testng.Assert.assertEqualsImpl(Assert.java:150)
	at org.testng.Assert.assertEquals(Assert.java:132)
	at org.testng.Assert.assertEquals(Assert.java:656)
	at com.definitions.UserLoginDefinition.the_user_should_see_the_and(UserLoginDefinition.java:57)
	at ✽.the user should see the &quot;Warning: No match for E-Mail Address and/or Password.&quot; and &quot;check1&quot;(file:///C:/Users/admi/git/Ecommerce-lamdatest-bdd/ecommerce-lambdatest-bd/src/test/resources/com/features/UserLogin.feature:19)
</pre></div><a href='#' onClick='toggleBox("stack-trace1534636926", this, "Click to show all stack frames", "Click to hide stack frames")'>Click to show all stack frames</a>
<div class='stack-trace' id='stack-trace1534636926'><pre>java.lang.AssertionError: Check1 Failed: Expected warning message not displayed expected [Warning: No match for E-Mail Address and/or Password.] but found [Warning: Your account has exceeded allowed number of login attempts. Please try again in 1 hour.]
	at org.testng.Assert.fail(Assert.java:111)
	at org.testng.Assert.failNotEquals(Assert.java:1590)
	at org.testng.Assert.assertEqualsImpl(Assert.java:150)
	at org.testng.Assert.assertEquals(Assert.java:132)
	at org.testng.Assert.assertEquals(Assert.java:656)
	at com.definitions.UserLoginDefinition.the_user_should_see_the_and(UserLoginDefinition.java:57)
	at ✽.the user should see the &quot;Warning: No match for E-Mail Address and/or Password.&quot; and &quot;check1&quot;(file:///C:/Users/admi/git/Ecommerce-lamdatest-bdd/ecommerce-lambdatest-bd/src/test/resources/com/features/UserLogin.feature:19)
</pre></div></td>
<td>44</td>
<td>com.runner.RunnerTestNg@26b3fd41</td></tr>
<tr>
<td title='com.runner.RunnerTestNg.runScenario()'><b>runScenario</b><br>Test class: com.runner.RunnerTestNg<br>Test method: Runs Cucumber Scenarios<br>Parameters: "User tries to login with valid credentials and logs out", "Login Functionality"</td>
<td><div><pre>org.openqa.selenium.NoSuchElementException: no such element: Unable to locate element: {&quot;method&quot;:&quot;xpath&quot;,&quot;selector&quot;:&quot;//*[@id=&quot;column-right&quot;]/div/a[14]&quot;}
  (Session info: chrome=135.0.7049.85)
For documentation on this error, please visit: https://www.selenium.dev/documentation/webdriver/troubleshooting/errors#no-such-element-exception
Build info: version: &apos;4.31.0&apos;, revision: &apos;1ef9f18787*&apos;
System info: os.name: &apos;Windows 10&apos;, os.arch: &apos;amd64&apos;, os.version: &apos;10.0&apos;, java.version: &apos;21.0.6&apos;
Driver info: org.openqa.selenium.chrome.ChromeDriver
Command: [edf6d6cff768f3113dbae596ca5974c7, findElement {value=//*[@id=&quot;column-right&quot;]/div/a[14], using=xpath}]
Capabilities {acceptInsecureCerts: false, browserName: chrome, browserVersion: 135.0.7049.85, chrome: {chromedriverVersion: 135.0.7049.84 (6c019e560019..., userDataDir: C:\Users\admi\AppData\Local...}, fedcm:accounts: true, goog:chromeOptions: {debuggerAddress: localhost:59720}, networkConnectionEnabled: false, pageLoadStrategy: normal, platformName: windows, proxy: Proxy(), se:cdp: ws://localhost:59720/devtoo..., se:cdpVersion: 135.0.7049.85, setWindowRect: true, strictFileInteractability: false, timeouts: {implicit: 0, pageLoad: 300000, script: 30000}, unhandledPromptBehavior: dismiss and notify, webauthn:extension:credBlob: true, webauthn:extension:largeBlob: true, webauthn:extension:minPinLength: true, webauthn:extension:prf: true, webauthn:virtualAuthenticators: true}
Session ID: edf6d6cff768f3113dbae596ca5974c7
	at java.base/jdk.internal.reflect.DirectConstructorHandleAccessor.newInstance(DirectConstructorHandleAccessor.java:62)
	at java.base/java.lang.reflect.Constructor.newInstanceWithCaller(Constructor.java:502)
	at java.base/java.lang.reflect.Constructor.newInstance(Constructor.java:486)
	at org.openqa.selenium.remote.ErrorCodec.decode(ErrorCodec.java:167)
	at org.openqa.selenium.remote.codec.w3c.W3CHttpResponseCodec.decode(W3CHttpResponseCodec.java:138)
	at org.openqa.selenium.remote.codec.w3c.W3CHttpResponseCodec.decode(W3CHttpResponseCodec.java:50)
	at org.openqa.selenium.remote.HttpCommandExecutor.execute(HttpCommandExecutor.java:215)
	at org.openqa.selenium.remote.service.DriverCommandExecutor.invokeExecute(DriverCommandExecutor.java:216)
	at org.openqa.selenium.remote.service.DriverCommandExecutor.execute(DriverCommandExecutor.java:174)
	at org.openqa.selenium.remote.RemoteWebDriver.execute(RemoteWebDriver.java:545)
	at org.openqa.selenium.remote.ElementLocation$ElementFinder$2.findElement(ElementLocation.java:165)
	at org.openqa.selenium.remote.ElementLocation.findElement(ElementLocation.java:59)
	at org.openqa.selenium.remote.RemoteWebDriver.findElement(RemoteWebDriver.java:368)
	at org.openqa.selenium.remote.RemoteWebDriver.findElement(RemoteWebDriver.java:362)
	at org.openqa.selenium.support.pagefactory.DefaultElementLocator.findElement(DefaultElementLocator.java:68)
	at org.openqa.selenium.support.pagefactory.internal.LocatingElementHandler.invoke(LocatingElementHandler.java:38)
	at jdk.proxy2/jdk.proxy2.$Proxy60.click(Unknown Source)
	at com.actions.UserLoginAction.clickLogout(UserLoginAction.java:74)
	at com.definitions.UserLoginDefinition.the_user_logs_out(UserLoginDefinition.java:86)
	at ✽.the user logs out(file:///C:/Users/admi/git/Ecommerce-lamdatest-bdd/ecommerce-lambdatest-bd/src/test/resources/com/features/UserLogin.feature:35)
</pre></div><a href='#' onClick='toggleBox("stack-trace295623417", this, "Click to show all stack frames", "Click to hide stack frames")'>Click to show all stack frames</a>
<div class='stack-trace' id='stack-trace295623417'><pre>org.openqa.selenium.NoSuchElementException: no such element: Unable to locate element: {&quot;method&quot;:&quot;xpath&quot;,&quot;selector&quot;:&quot;//*[@id=&quot;column-right&quot;]/div/a[14]&quot;}
  (Session info: chrome=135.0.7049.85)
For documentation on this error, please visit: https://www.selenium.dev/documentation/webdriver/troubleshooting/errors#no-such-element-exception
Build info: version: &apos;4.31.0&apos;, revision: &apos;1ef9f18787*&apos;
System info: os.name: &apos;Windows 10&apos;, os.arch: &apos;amd64&apos;, os.version: &apos;10.0&apos;, java.version: &apos;21.0.6&apos;
Driver info: org.openqa.selenium.chrome.ChromeDriver
Command: [edf6d6cff768f3113dbae596ca5974c7, findElement {value=//*[@id=&quot;column-right&quot;]/div/a[14], using=xpath}]
Capabilities {acceptInsecureCerts: false, browserName: chrome, browserVersion: 135.0.7049.85, chrome: {chromedriverVersion: 135.0.7049.84 (6c019e560019..., userDataDir: C:\Users\admi\AppData\Local...}, fedcm:accounts: true, goog:chromeOptions: {debuggerAddress: localhost:59720}, networkConnectionEnabled: false, pageLoadStrategy: normal, platformName: windows, proxy: Proxy(), se:cdp: ws://localhost:59720/devtoo..., se:cdpVersion: 135.0.7049.85, setWindowRect: true, strictFileInteractability: false, timeouts: {implicit: 0, pageLoad: 300000, script: 30000}, unhandledPromptBehavior: dismiss and notify, webauthn:extension:credBlob: true, webauthn:extension:largeBlob: true, webauthn:extension:minPinLength: true, webauthn:extension:prf: true, webauthn:virtualAuthenticators: true}
Session ID: edf6d6cff768f3113dbae596ca5974c7
	at java.base/jdk.internal.reflect.DirectConstructorHandleAccessor.newInstance(DirectConstructorHandleAccessor.java:62)
	at java.base/java.lang.reflect.Constructor.newInstanceWithCaller(Constructor.java:502)
	at java.base/java.lang.reflect.Constructor.newInstance(Constructor.java:486)
	at org.openqa.selenium.remote.ErrorCodec.decode(ErrorCodec.java:167)
	at org.openqa.selenium.remote.codec.w3c.W3CHttpResponseCodec.decode(W3CHttpResponseCodec.java:138)
	at org.openqa.selenium.remote.codec.w3c.W3CHttpResponseCodec.decode(W3CHttpResponseCodec.java:50)
	at org.openqa.selenium.remote.HttpCommandExecutor.execute(HttpCommandExecutor.java:215)
	at org.openqa.selenium.remote.service.DriverCommandExecutor.invokeExecute(DriverCommandExecutor.java:216)
	at org.openqa.selenium.remote.service.DriverCommandExecutor.execute(DriverCommandExecutor.java:174)
	at org.openqa.selenium.remote.RemoteWebDriver.execute(RemoteWebDriver.java:545)
	at org.openqa.selenium.remote.ElementLocation$ElementFinder$2.findElement(ElementLocation.java:165)
	at org.openqa.selenium.remote.ElementLocation.findElement(ElementLocation.java:59)
	at org.openqa.selenium.remote.RemoteWebDriver.findElement(RemoteWebDriver.java:368)
	at org.openqa.selenium.remote.RemoteWebDriver.findElement(RemoteWebDriver.java:362)
	at org.openqa.selenium.support.pagefactory.DefaultElementLocator.findElement(DefaultElementLocator.java:68)
	at org.openqa.selenium.support.pagefactory.internal.LocatingElementHandler.invoke(LocatingElementHandler.java:38)
	at jdk.proxy2/jdk.proxy2.$Proxy60.click(Unknown Source)
	at com.actions.UserLoginAction.clickLogout(UserLoginAction.java:74)
	at com.definitions.UserLoginDefinition.the_user_logs_out(UserLoginDefinition.java:86)
	at ✽.the user logs out(file:///C:/Users/admi/git/Ecommerce-lamdatest-bdd/ecommerce-lambdatest-bd/src/test/resources/com/features/UserLogin.feature:35)
</pre></div></td>
<td>31</td>
<td>com.runner.RunnerTestNg@26b3fd41</td></tr>
=======
<td>86</td>
<td>com.runner.RunnerTestNg2@26b3fd41</td></tr>
<tr>
<td title='com.runner.RunnerTestNg2.runScenario()'><b>runScenario</b><br>Test class: com.runner.RunnerTestNg2<br>Test method: Runs Cucumber Scenarios<br>Parameters: "To checkout the  cart as a registered user", "Shopping Cart CheckOut functionality"</td>
<td><div><pre>org.openqa.selenium.StaleElementReferenceException: stale element reference: stale element not found
  (Session info: chrome=135.0.7049.85)
For documentation on this error, please visit: https://www.selenium.dev/documentation/webdriver/troubleshooting/errors#stale-element-reference-exception
Build info: version: &apos;4.31.0&apos;, revision: &apos;1ef9f18787*&apos;
System info: os.name: &apos;Windows 11&apos;, os.arch: &apos;amd64&apos;, os.version: &apos;10.0&apos;, java.version: &apos;21.0.6&apos;
Driver info: org.openqa.selenium.chrome.ChromeDriver
Command: [d087906081a7a2cac9b6191b18972e54, sendKeysToElement {value=[Ljava.lang.CharSequence;@3fa2b9b0, id=f.46BB0435FD52F4766C2C3A1B99F1A863.d.C42407F59FFD4A309446AEE4DC995CDC.e.281}]
Capabilities {acceptInsecureCerts: false, browserName: chrome, browserVersion: 135.0.7049.85, chrome: {chromedriverVersion: 135.0.7049.84 (6c019e560019..., userDataDir: C:\Users\saran\AppData\Loca...}, fedcm:accounts: true, goog:chromeOptions: {debuggerAddress: localhost:59229}, networkConnectionEnabled: false, pageLoadStrategy: normal, platformName: windows, proxy: Proxy(), se:cdp: ws://localhost:59229/devtoo..., se:cdpVersion: 135.0.7049.85, setWindowRect: true, strictFileInteractability: false, timeouts: {implicit: 0, pageLoad: 300000, script: 30000}, unhandledPromptBehavior: dismiss and notify, webauthn:extension:credBlob: true, webauthn:extension:largeBlob: true, webauthn:extension:minPinLength: true, webauthn:extension:prf: true, webauthn:virtualAuthenticators: true}
Element: [[ChromeDriver: chrome on windows (d087906081a7a2cac9b6191b18972e54)] -&gt; xpath: //input[@id=&apos;input-payment-telephone&apos;]]
Session ID: d087906081a7a2cac9b6191b18972e54
	at java.base/jdk.internal.reflect.DirectConstructorHandleAccessor.newInstance(DirectConstructorHandleAccessor.java:62)
	at java.base/java.lang.reflect.Constructor.newInstanceWithCaller(Constructor.java:502)
	at java.base/java.lang.reflect.Constructor.newInstance(Constructor.java:486)
	at org.openqa.selenium.remote.ErrorCodec.decode(ErrorCodec.java:167)
	at org.openqa.selenium.remote.codec.w3c.W3CHttpResponseCodec.decode(W3CHttpResponseCodec.java:138)
	at org.openqa.selenium.remote.codec.w3c.W3CHttpResponseCodec.decode(W3CHttpResponseCodec.java:50)
	at org.openqa.selenium.remote.HttpCommandExecutor.execute(HttpCommandExecutor.java:215)
	at org.openqa.selenium.remote.service.DriverCommandExecutor.invokeExecute(DriverCommandExecutor.java:216)
	at org.openqa.selenium.remote.service.DriverCommandExecutor.execute(DriverCommandExecutor.java:174)
	at org.openqa.selenium.remote.RemoteWebDriver.execute(RemoteWebDriver.java:545)
	at org.openqa.selenium.remote.RemoteWebElement.execute(RemoteWebElement.java:223)
	at org.openqa.selenium.remote.RemoteWebElement.sendKeys(RemoteWebElement.java:110)
	at java.base/jdk.internal.reflect.DirectMethodHandleAccessor.invoke(DirectMethodHandleAccessor.java:103)
	at java.base/java.lang.reflect.Method.invoke(Method.java:580)
	at org.openqa.selenium.support.pagefactory.internal.LocatingElementHandler.invoke(LocatingElementHandler.java:51)
	at jdk.proxy2/jdk.proxy2.$Proxy60.sendKeys(Unknown Source)
	at com.actions.CheckOutAction.fillRegisterCheckoutForm(CheckOutAction.java:197)
	at com.definitions.CheckoutDefinition.enter_the_details_in_payment_register_form(CheckoutDefinition.java:128)
	at ✽.Enter the details in payment register form:(file:///C:/Users/saran/git/SeleniumFinalCucumber/ecommerce-lambdatest-bd/src/test/resources/com/features/ProductCheckOut.feature:71)
</pre></div><a href='#' onClick='toggleBox("stack-trace1459740958", this, "Click to show all stack frames", "Click to hide stack frames")'>Click to show all stack frames</a>
<div class='stack-trace' id='stack-trace1459740958'><pre>org.openqa.selenium.StaleElementReferenceException: stale element reference: stale element not found
  (Session info: chrome=135.0.7049.85)
For documentation on this error, please visit: https://www.selenium.dev/documentation/webdriver/troubleshooting/errors#stale-element-reference-exception
Build info: version: &apos;4.31.0&apos;, revision: &apos;1ef9f18787*&apos;
System info: os.name: &apos;Windows 11&apos;, os.arch: &apos;amd64&apos;, os.version: &apos;10.0&apos;, java.version: &apos;21.0.6&apos;
Driver info: org.openqa.selenium.chrome.ChromeDriver
Command: [d087906081a7a2cac9b6191b18972e54, sendKeysToElement {value=[Ljava.lang.CharSequence;@3fa2b9b0, id=f.46BB0435FD52F4766C2C3A1B99F1A863.d.C42407F59FFD4A309446AEE4DC995CDC.e.281}]
Capabilities {acceptInsecureCerts: false, browserName: chrome, browserVersion: 135.0.7049.85, chrome: {chromedriverVersion: 135.0.7049.84 (6c019e560019..., userDataDir: C:\Users\saran\AppData\Loca...}, fedcm:accounts: true, goog:chromeOptions: {debuggerAddress: localhost:59229}, networkConnectionEnabled: false, pageLoadStrategy: normal, platformName: windows, proxy: Proxy(), se:cdp: ws://localhost:59229/devtoo..., se:cdpVersion: 135.0.7049.85, setWindowRect: true, strictFileInteractability: false, timeouts: {implicit: 0, pageLoad: 300000, script: 30000}, unhandledPromptBehavior: dismiss and notify, webauthn:extension:credBlob: true, webauthn:extension:largeBlob: true, webauthn:extension:minPinLength: true, webauthn:extension:prf: true, webauthn:virtualAuthenticators: true}
Element: [[ChromeDriver: chrome on windows (d087906081a7a2cac9b6191b18972e54)] -&gt; xpath: //input[@id=&apos;input-payment-telephone&apos;]]
Session ID: d087906081a7a2cac9b6191b18972e54
	at java.base/jdk.internal.reflect.DirectConstructorHandleAccessor.newInstance(DirectConstructorHandleAccessor.java:62)
	at java.base/java.lang.reflect.Constructor.newInstanceWithCaller(Constructor.java:502)
	at java.base/java.lang.reflect.Constructor.newInstance(Constructor.java:486)
	at org.openqa.selenium.remote.ErrorCodec.decode(ErrorCodec.java:167)
	at org.openqa.selenium.remote.codec.w3c.W3CHttpResponseCodec.decode(W3CHttpResponseCodec.java:138)
	at org.openqa.selenium.remote.codec.w3c.W3CHttpResponseCodec.decode(W3CHttpResponseCodec.java:50)
	at org.openqa.selenium.remote.HttpCommandExecutor.execute(HttpCommandExecutor.java:215)
	at org.openqa.selenium.remote.service.DriverCommandExecutor.invokeExecute(DriverCommandExecutor.java:216)
	at org.openqa.selenium.remote.service.DriverCommandExecutor.execute(DriverCommandExecutor.java:174)
	at org.openqa.selenium.remote.RemoteWebDriver.execute(RemoteWebDriver.java:545)
	at org.openqa.selenium.remote.RemoteWebElement.execute(RemoteWebElement.java:223)
	at org.openqa.selenium.remote.RemoteWebElement.sendKeys(RemoteWebElement.java:110)
	at java.base/jdk.internal.reflect.DirectMethodHandleAccessor.invoke(DirectMethodHandleAccessor.java:103)
	at java.base/java.lang.reflect.Method.invoke(Method.java:580)
	at org.openqa.selenium.support.pagefactory.internal.LocatingElementHandler.invoke(LocatingElementHandler.java:51)
	at jdk.proxy2/jdk.proxy2.$Proxy60.sendKeys(Unknown Source)
	at com.actions.CheckOutAction.fillRegisterCheckoutForm(CheckOutAction.java:197)
	at com.definitions.CheckoutDefinition.enter_the_details_in_payment_register_form(CheckoutDefinition.java:128)
	at ✽.Enter the details in payment register form:(file:///C:/Users/saran/git/SeleniumFinalCucumber/ecommerce-lambdatest-bd/src/test/resources/com/features/ProductCheckOut.feature:71)
</pre></div></td>
<td>43</td>
<td>com.runner.RunnerTestNg2@26b3fd41</td></tr>
>>>>>>> branch 'main' of https://github.com/Saranyaa5/Ecommerce-lamdatest-bdd.git
</table><p>
<table width='100%' border='1' class='invocation-passed'>
<tr><td colspan='4' align='center'><b>PASSED TESTS</b></td></tr>
<tr><td><b>Test method</b></td>
<td><b>Attribute(s)</b></td>
<td width="30%"><b>Exception</b></td>
<td width="10%"><b>Time (seconds)</b></td>
<td><b>Instance</b></td>
</tr>
<tr>
<<<<<<< HEAD
<td title='com.runner.RunnerTestNg.runScenario()'><b>runScenario</b><br>Test class: com.runner.RunnerTestNg<br>Test method: Runs Cucumber Scenarios<br>Parameters: "Change user password", "User Account Management"</td>
<td></td>
<td>32</td>
<td>com.runner.RunnerTestNg@26b3fd41</td></tr>
<tr>
<td title='com.runner.RunnerTestNg.runScenario()'><b>runScenario</b><br>Test class: com.runner.RunnerTestNg<br>Test method: Runs Cucumber Scenarios<br>Parameters: "Search functionality with invalid inputs", "Search functionality"</td>
<td></td>
<td>47</td>
<td>com.runner.RunnerTestNg@26b3fd41</td></tr>
<tr>
<td title='com.runner.RunnerTestNg.runScenario()'><b>runScenario</b><br>Test class: com.runner.RunnerTestNg<br>Test method: Runs Cucumber Scenarios<br>Parameters: "Scenario: User tries to add a product to cart without selecting size", "Add to Cart Functionality on eCommerce Playground"</td>
<td></td>
<td>47</td>
<td>com.runner.RunnerTestNg@26b3fd41</td></tr>
<tr>
<td title='com.runner.RunnerTestNg.runScenario()'><b>runScenario</b><br>Test class: com.runner.RunnerTestNg<br>Test method: Runs Cucumber Scenarios<br>Parameters: "Edit user account details", "User Account Management"</td>
<td></td>
<td>49</td>
<td>com.runner.RunnerTestNg@26b3fd41</td></tr>
<tr>
<td title='com.runner.RunnerTestNg.runScenario()'><b>runScenario</b><br>Test class: com.runner.RunnerTestNg<br>Test method: Runs Cucumber Scenarios<br>Parameters: "User tries to login with invalid credentials", "Login Functionality"</td>
<td></td>
<td>19</td>
<td>com.runner.RunnerTestNg@26b3fd41</td></tr>
<tr>
<td title='com.runner.RunnerTestNg.runScenario()'><b>runScenario</b><br>Test class: com.runner.RunnerTestNg<br>Test method: Runs Cucumber Scenarios<br>Parameters: "Add multiple quantities of the same product", "Add to Cart Functionality on eCommerce Playground"</td>
<td></td>
<td>73</td>
<td>com.runner.RunnerTestNg@26b3fd41</td></tr>
<tr>
<td title='com.runner.RunnerTestNg.runScenario()'><b>runScenario</b><br>Test class: com.runner.RunnerTestNg<br>Test method: Runs Cucumber Scenarios<br>Parameters: "Add a single product to the cart", "Add to Cart Functionality on eCommerce Playground"</td>
<td></td>
<td>48</td>
<td>com.runner.RunnerTestNg@26b3fd41</td></tr>
<tr>
<td title='com.runner.RunnerTestNg.runScenario()'><b>runScenario</b><br>Test class: com.runner.RunnerTestNg<br>Test method: Runs Cucumber Scenarios<br>Parameters: "Register with invalid inputs", "User Registration Functionality"</td>
<td></td>
<td>16</td>
<td>com.runner.RunnerTestNg@26b3fd41</td></tr>
<tr>
<td title='com.runner.RunnerTestNg.runScenario()'><b>runScenario</b><br>Test class: com.runner.RunnerTestNg<br>Test method: Runs Cucumber Scenarios<br>Parameters: "Search functionality with case sensitive inputs", "Search functionality"</td>
<td></td>
<td>51</td>
<td>com.runner.RunnerTestNg@26b3fd41</td></tr>
<tr>
<td title='com.runner.RunnerTestNg.runScenario()'><b>runScenario</b><br>Test class: com.runner.RunnerTestNg<br>Test method: Runs Cucumber Scenarios<br>Parameters: "Subscribe or Unsubscribe from newsletter", "User Account Management"</td>
<td></td>
<td>47</td>
<td>com.runner.RunnerTestNg@26b3fd41</td></tr>
<tr>
<td title='com.runner.RunnerTestNg.runScenario()'><b>runScenario</b><br>Test class: com.runner.RunnerTestNg<br>Test method: Runs Cucumber Scenarios<br>Parameters: "Modify the wishlist by removing a product", "User Account Management"</td>
<td></td>
<td>53</td>
<td>com.runner.RunnerTestNg@26b3fd41</td></tr>
<tr>
<td title='com.runner.RunnerTestNg.runScenario()'><b>runScenario</b><br>Test class: com.runner.RunnerTestNg<br>Test method: Runs Cucumber Scenarios<br>Parameters: "User requests a password reset link using valid email", "Forgot Password Functionality"</td>
<td></td>
<td>51</td>
<td>com.runner.RunnerTestNg@26b3fd41</td></tr>
<tr>
<td title='com.runner.RunnerTestNg.runScenario()'><b>runScenario</b><br>Test class: com.runner.RunnerTestNg<br>Test method: Runs Cucumber Scenarios<br>Parameters: "Subscribe or Unsubscribe from newsletter", "User Account Management"</td>
<td></td>
<td>42</td>
<td>com.runner.RunnerTestNg@26b3fd41</td></tr>
<tr>
<td title='com.runner.RunnerTestNg.runScenario()'><b>runScenario</b><br>Test class: com.runner.RunnerTestNg<br>Test method: Runs Cucumber Scenarios<br>Parameters: "Register with invalid inputs", "User Registration Functionality"</td>
<td></td>
<td>15</td>
<td>com.runner.RunnerTestNg@26b3fd41</td></tr>
<tr>
<td title='com.runner.RunnerTestNg.runScenario()'><b>runScenario</b><br>Test class: com.runner.RunnerTestNg<br>Test method: Runs Cucumber Scenarios<br>Parameters: "User requests a password reset link using invalid email", "Forgot Password Functionality"</td>
<td></td>
<td>51</td>
<td>com.runner.RunnerTestNg@26b3fd41</td></tr>
<tr>
<td title='com.runner.RunnerTestNg.runScenario()'><b>runScenario</b><br>Test class: com.runner.RunnerTestNg<br>Test method: Runs Cucumber Scenarios<br>Parameters: "Search functionality by category as input", "Search functionality"</td>
<td></td>
<td>34</td>
<td>com.runner.RunnerTestNg@26b3fd41</td></tr>
<tr>
<td title='com.runner.RunnerTestNg.runScenario()'><b>runScenario</b><br>Test class: com.runner.RunnerTestNg<br>Test method: Runs Cucumber Scenarios<br>Parameters: "Register with invalid inputs", "User Registration Functionality"</td>
<td></td>
<td>22</td>
<td>com.runner.RunnerTestNg@26b3fd41</td></tr>
<tr>
<td title='com.runner.RunnerTestNg.runScenario()'><b>runScenario</b><br>Test class: com.runner.RunnerTestNg<br>Test method: Runs Cucumber Scenarios<br>Parameters: "Search functionality with unnecessary indentation in search", "Search functionality"</td>
<td></td>
<td>36</td>
<td>com.runner.RunnerTestNg@26b3fd41</td></tr>
<tr>
<td title='com.runner.RunnerTestNg.runScenario()'><b>runScenario</b><br>Test class: com.runner.RunnerTestNg<br>Test method: Runs Cucumber Scenarios<br>Parameters: "User requests a password reset link without providing email", "Forgot Password Functionality"</td>
<td></td>
<td>75</td>
<td>com.runner.RunnerTestNg@26b3fd41</td></tr>
<tr>
<td title='com.runner.RunnerTestNg.runScenario()'><b>runScenario</b><br>Test class: com.runner.RunnerTestNg<br>Test method: Runs Cucumber Scenarios<br>Parameters: "Register with valid inputs", "User Registration Functionality"</td>
<td></td>
<td>12</td>
<td>com.runner.RunnerTestNg@26b3fd41</td></tr>
<tr>
<td title='com.runner.RunnerTestNg.runScenario()'><b>runScenario</b><br>Test class: com.runner.RunnerTestNg<br>Test method: Runs Cucumber Scenarios<br>Parameters: "Register with valid inputs", "User Registration Functionality"</td>
<td></td>
<td>26</td>
<td>com.runner.RunnerTestNg@26b3fd41</td></tr>
<tr>
<td title='com.runner.RunnerTestNg.runScenario()'><b>runScenario</b><br>Test class: com.runner.RunnerTestNg<br>Test method: Runs Cucumber Scenarios<br>Parameters: "Remove a product from the cart", "Add to Cart Functionality on eCommerce Playground"</td>
<td></td>
<td>88</td>
<td>com.runner.RunnerTestNg@26b3fd41</td></tr>
<tr>
<td title='com.runner.RunnerTestNg.runScenario()'><b>runScenario</b><br>Test class: com.runner.RunnerTestNg<br>Test method: Runs Cucumber Scenarios<br>Parameters: "User tries to login with invalid credentials", "Login Functionality"</td>
<td></td>
<td>35</td>
<td>com.runner.RunnerTestNg@26b3fd41</td></tr>
<tr>
<td title='com.runner.RunnerTestNg.runScenario()'><b>runScenario</b><br>Test class: com.runner.RunnerTestNg<br>Test method: Runs Cucumber Scenarios<br>Parameters: "Search functionality with valid inputs", "Search functionality"</td>
<td></td>
<td>52</td>
<td>com.runner.RunnerTestNg@26b3fd41</td></tr>
<tr>
<td title='com.runner.RunnerTestNg.runScenario()'><b>runScenario</b><br>Test class: com.runner.RunnerTestNg<br>Test method: Runs Cucumber Scenarios<br>Parameters: "Register with invalid inputs", "User Registration Functionality"</td>
<td></td>
<td>21</td>
<td>com.runner.RunnerTestNg@26b3fd41</td></tr>
=======
<td title='com.runner.RunnerTestNg2.runScenario()'><b>runScenario</b><br>Test class: com.runner.RunnerTestNg2<br>Test method: Runs Cucumber Scenarios<br>Parameters: "To checkout the empty shopping cart as a registered user", "Shopping Cart CheckOut functionality"</td>
<td></td>
<td>22</td>
<td>com.runner.RunnerTestNg2@26b3fd41</td></tr>
<tr>
<td title='com.runner.RunnerTestNg2.runScenario()'><b>runScenario</b><br>Test class: com.runner.RunnerTestNg2<br>Test method: Runs Cucumber Scenarios<br>Parameters: "To checkout the shopping cart as a guest user", "Shopping Cart CheckOut functionality"</td>
<td></td>
<td>50</td>
<td>com.runner.RunnerTestNg2@26b3fd41</td></tr>
>>>>>>> branch 'main' of https://github.com/Saranyaa5/Ecommerce-lamdatest-bdd.git
</table><p>
</body>
</html>